#
# There is insufficient memory for the Java Runtime Environment to continue.
# Native memory allocation (mmap) failed to map 4718592 bytes for committing reserved memory.
# Possible reasons:
#   The system is out of physical RAM or swap space
#   In 32 bit mode, the process size limit was hit
# Possible solutions:
#   Reduce memory load on the system
#   Increase physical memory or swap space
#   Check if swap backing store is full
#   Use 64 bit Java on a 64 bit OS
#   Decrease Java heap size (-Xmx/-Xms)
#   Decrease number of Java threads
#   Decrease Java thread stack sizes (-Xss)
#   Set larger code cache with -XX:ReservedCodeCacheSize=
# This output file may be truncated or incomplete.
#
#  Out of Memory Error (os_linux.cpp:2640), pid=5168, tid=0x00007f38d2ef6700
#
# JRE version: Java(TM) SE Runtime Environment (8.0_181-b13) (build 1.8.0_181-b13)
# Java VM: Java HotSpot(TM) 64-Bit Server VM (25.181-b13 mixed mode linux-amd64 compressed oops)
# Failed to write core dump. Core dumps have been disabled. To enable core dumping, try "ulimit -c unlimited" before starting Java again
#

---------------  T H R E A D  ---------------

Current thread (0x00007f38f0103000):  VMThread [stack: 0x00007f38d2df7000,0x00007f38d2ef7000] [id=5179]

Stack: [0x00007f38d2df7000,0x00007f38d2ef7000],  sp=0x00007f38d2ef51e0,  free space=1016k
Native frames: (J=compiled Java code, j=interpreted, Vv=VM code, C=native code)
V  [libjvm.so+0xad21aa]  VMError::report_and_die()+0x2ba
V  [libjvm.so+0x5022db]  report_vm_out_of_memory(char const*, int, unsigned long, VMErrorType, char const*)+0x8b
V  [libjvm.so+0x92fe33]  os::Linux::commit_memory_impl(char*, unsigned long, bool)+0x123
V  [libjvm.so+0x930059]  os::pd_commit_memory(char*, unsigned long, unsigned long, bool)+0x29
V  [libjvm.so+0x9272ba]  os::commit_memory(char*, unsigned long, unsigned long, bool)+0x2a
V  [libjvm.so+0x99d2e3]  PSVirtualSpace::expand_by(unsigned long)+0x53
V  [libjvm.so+0x99e6e8]  PSYoungGen::resize_generation(unsigned long, unsigned long)+0xf8
V  [libjvm.so+0x99d842]  PSYoungGen::resize(unsigned long, unsigned long)+0x22
V  [libjvm.so+0x99ab1b]  PSScavenge::invoke_no_policy()+0xf3b
V  [libjvm.so+0x99b2a1]  PSScavenge::invoke()+0x41
V  [libjvm.so+0x951d70]  ParallelScavengeHeap::failed_mem_allocate(unsigned long)+0x70
V  [libjvm.so+0xad3c27]  VM_ParallelGCFailedAllocation::doit()+0x97
V  [libjvm.so+0xadb745]  VM_Operation::evaluate()+0x55
V  [libjvm.so+0xad9b0a]  VMThread::evaluate_operation(VM_Operation*)+0xba
V  [libjvm.so+0xad9e8e]  VMThread::loop()+0x1ce
V  [libjvm.so+0xada300]  VMThread::run()+0x70
V  [libjvm.so+0x930198]  java_start(Thread*)+0x108

VM_Operation (0x00007f389885ca20): ParallelGCFailedAllocation, mode: safepoint, requested by thread 0x00007f38cc5c9000


---------------  P R O C E S S  ---------------

Java Threads: ( => current thread )
  0x00007f389c033800 JavaThread "restartedMain" [_thread_blocked, id=13617, stack(0x00007f3898b62000,0x00007f3898c63000)]
  0x00007f38a0492800 JavaThread "Thread-67" [_thread_blocked, id=13596, stack(0x00007f3899269000,0x00007f389936a000)]
  0x00007f38a805e000 JavaThread "File Watcher" daemon [_thread_blocked, id=10180, stack(0x00007f3899168000,0x00007f3899269000)]
  0x00007f38c4018800 JavaThread "File Watcher" daemon [_thread_blocked, id=6664, stack(0x00007f3899067000,0x00007f3899168000)]
  0x00007f38cc5c9000 JavaThread "File Watcher" daemon [_thread_blocked, id=6238, stack(0x00007f389875e000,0x00007f389885f000)]
  0x00007f38ac00b000 JavaThread "File Watcher" daemon [_thread_blocked, id=6079, stack(0x00007f389986d000,0x00007f389996e000)]
  0x00007f38f0012000 JavaThread "DestroyJavaVM" [_thread_blocked, id=5171, stack(0x00007f38f6cf0000,0x00007f38f6df0000)]
  0x000000000330e000 JavaThread "Live Reload Server" daemon [_thread_in_native, id=5236, stack(0x00007f389946b000,0x00007f389956c000)]
  0x0000000002aae000 JavaThread "Abandoned connection cleanup thread" daemon [_thread_blocked, id=5213, stack(0x00007f38d1c44000,0x00007f38d1d45000)]
  0x00007f38f05f0000 JavaThread "Service Thread" daemon [_thread_blocked, id=5191, stack(0x00007f38d2091000,0x00007f38d2192000)]
  0x00007f38f05ec800 JavaThread "C1 CompilerThread1" daemon [_thread_blocked, id=5190, stack(0x00007f38d2193000,0x00007f38d2293000)]
  0x00007f38f05e5800 JavaThread "C2 CompilerThread0" daemon [_thread_blocked, id=5189, stack(0x00007f38d2294000,0x00007f38d2394000)]
  0x00007f38b4001000 JavaThread "JDWP Command Reader" daemon [_thread_in_native, id=5187, stack(0x00007f38d25ec000,0x00007f38d26ed000)]
  0x00007f38f0154000 JavaThread "JDWP Event Helper Thread" daemon [_thread_blocked, id=5185, stack(0x00007f38d26ed000,0x00007f38d27ee000)]
  0x00007f38f0150000 JavaThread "JDWP Transport Listener: dt_socket" daemon [_thread_blocked, id=5184, stack(0x00007f38d27ee000,0x00007f38d28ef000)]
  0x00007f38f0141800 JavaThread "Signal Dispatcher" daemon [_thread_blocked, id=5182, stack(0x00007f38d2af3000,0x00007f38d2bf4000)]
  0x00007f38f010f800 JavaThread "Finalizer" daemon [_thread_blocked, id=5181, stack(0x00007f38d2bf4000,0x00007f38d2cf5000)]
  0x00007f38f010a800 JavaThread "Reference Handler" daemon [_thread_blocked, id=5180, stack(0x00007f38d2cf5000,0x00007f38d2df6000)]

Other Threads:
=>0x00007f38f0103000 VMThread [stack: 0x00007f38d2df7000,0x00007f38d2ef7000] [id=5179]
  0x00007f38f05f6000 WatcherThread [stack: 0x00007f38d1f91000,0x00007f38d2091000] [id=5192]

VM state:at safepoint (normal execution)

VM Mutex/Monitor currently owned by a thread:  ([mutex/lock_event])
[0x00007f38f000f630] Threads_lock - owner thread: 0x00007f38f0103000
[0x00007f38f000fb30] Heap_lock - owner thread: 0x00007f38cc5c9000

Heap:
 PSYoungGen      total 29184K, used 1568K [0x00000000edd00000, 0x00000000efc80000, 0x0000000100000000)
  eden space 26112K, 0% used [0x00000000edd00000,0x00000000edd00000,0x00000000ef680000)
  from space 3072K, 51% used [0x00000000ef680000,0x00000000ef808000,0x00000000ef980000)
  to   space 3072K, 0% used [0x00000000ef980000,0x00000000ef980000,0x00000000efc80000)
 ParOldGen       total 75264K, used 32319K [0x00000000c9600000, 0x00000000cdf80000, 0x00000000edd00000)
  object space 75264K, 42% used [0x00000000c9600000,0x00000000cb58fc10,0x00000000cdf80000)
 Metaspace       used 64588K, capacity 67186K, committed 72752K, reserved 1114112K
  class space    used 7474K, capacity 7951K, committed 8752K, reserved 1048576K

Card table byte_map: [0x00007f38da345000,0x00007f38da4fb000] byte_map_base: 0x00007f38d9cfa000

Marking Bits: (ParMarkBitMap*) 0x00007f38f61b90a0
 Begin Bits: [0x00007f38d84cf000, 0x00007f38d9277000)
 End Bits:   [0x00007f38d9277000, 0x00007f38da01f000)

Polling page: 0x00007f38f6e08000

CodeCache: size=245760Kb used=31879Kb max_used=32314Kb free=213880Kb
 bounds [0x00007f38da8bb000, 0x00007f38dc89b000, 0x00007f38e98bb000]
 total_blobs=9589 nmethods=9065 adapters=445
 compilation: enabled

Compilation events (10 events):
Event: 5912.332 Thread 0x00007f38f05e5800 11494       4       java.lang.Integer::hashCode (8 bytes)
Event: 5912.932 Thread 0x00007f38f05e5800 nmethod 11494 0x00007f38daad68d0 code [0x00007f38daad6a20, 0x00007f38daad6a78]
Event: 5912.939 Thread 0x00007f38f05e5800 11490       4       java.lang.StringBuilder::append (6 bytes)
Event: 5912.972 Thread 0x00007f38f05ec800 11517       3       org.springframework.boot.autoconfigure.condition.OnWebApplicationCondition::isServletWebApplication (131 bytes)
Event: 5913.081 Thread 0x00007f38f05e5800 nmethod 11490 0x00007f38db108ed0 code [0x00007f38db109020, 0x00007f38db1090a8]
Event: 5915.439 Thread 0x00007f38f05ec800 nmethod 11517 0x00007f38db8468d0 code [0x00007f38db846f00, 0x00007f38db84b3e8]
Event: 5915.439 Thread 0x00007f38f05ec800 11518       3       org.springframework.beans.factory.support.AbstractBeanFactory::getRegisteredScopeNames (13 bytes)
Event: 5915.496 Thread 0x00007f38f05ec800 nmethod 11518 0x00007f38dba16d50 code [0x00007f38dba16ee0, 0x00007f38dba17398]
Event: 5916.421 Thread 0x00007f38f05e5800 11519   !   4       org.springframework.core.io.DefaultResourceLoader::getResource (144 bytes)
Event: 5922.543 Thread 0x00007f38f05e5800 nmethod 11519 0x00007f38dacfc490 code [0x00007f38dacfc7a0, 0x00007f38dacfe0e0]

GC Heap History (10 events):
Event: 5910.163 GC heap after
Heap after GC invocations=2853 (full 12):
 PSYoungGen      total 24576K, used 1856K [0x00000000edd00000, 0x00000000ef900000, 0x0000000100000000)
  eden space 20992K, 0% used [0x00000000edd00000,0x00000000edd00000,0x00000000ef180000)
  from space 3584K, 51% used [0x00000000ef180000,0x00000000ef350000,0x00000000ef500000)
  to   space 3584K, 0% used [0x00000000ef580000,0x00000000ef580000,0x00000000ef900000)
 ParOldGen       total 75264K, used 55560K [0x00000000c9600000, 0x00000000cdf80000, 0x00000000edd00000)
  object space 75264K, 73% used [0x00000000c9600000,0x00000000ccc42138,0x00000000cdf80000)
 Metaspace       used 69117K, capacity 72190K, committed 72752K, reserved 1114112K
  class space    used 7996K, capacity 8620K, committed 8752K, reserved 1048576K
}
Event: 5910.163 GC heap before
{Heap before GC invocations=2854 (full 13):
 PSYoungGen      total 24576K, used 1856K [0x00000000edd00000, 0x00000000ef900000, 0x0000000100000000)
  eden space 20992K, 0% used [0x00000000edd00000,0x00000000edd00000,0x00000000ef180000)
  from space 3584K, 51% used [0x00000000ef180000,0x00000000ef350000,0x00000000ef500000)
  to   space 3584K, 0% used [0x00000000ef580000,0x00000000ef580000,0x00000000ef900000)
 ParOldGen       total 75264K, used 55560K [0x00000000c9600000, 0x00000000cdf80000, 0x00000000edd00000)
  object space 75264K, 73% used [0x00000000c9600000,0x00000000ccc42138,0x00000000cdf80000)
 Metaspace       used 69117K, capacity 72190K, committed 72752K, reserved 1114112K
  class space    used 7996K, capacity 8620K, committed 8752K, reserved 1048576K
Event: 5910.765 GC heap after
Heap after GC invocations=2854 (full 13):
 PSYoungGen      total 24576K, used 0K [0x00000000edd00000, 0x00000000ef900000, 0x0000000100000000)
  eden space 20992K, 0% used [0x00000000edd00000,0x00000000edd00000,0x00000000ef180000)
  from space 3584K, 0% used [0x00000000ef180000,0x00000000ef180000,0x00000000ef500000)
  to   space 3584K, 0% used [0x00000000ef580000,0x00000000ef580000,0x00000000ef900000)
 ParOldGen       total 75264K, used 32311K [0x00000000c9600000, 0x00000000cdf80000, 0x00000000edd00000)
  object space 75264K, 42% used [0x00000000c9600000,0x00000000cb58dc10,0x00000000cdf80000)
 Metaspace       used 64570K, capacity 67146K, committed 72752K, reserved 1114112K
  class space    used 7470K, capacity 7945K, committed 8752K, reserved 1048576K
}
Event: 5911.385 GC heap before
{Heap before GC invocations=2855 (full 13):
 PSYoungGen      total 24576K, used 20992K [0x00000000edd00000, 0x00000000ef900000, 0x0000000100000000)
  eden space 20992K, 100% used [0x00000000edd00000,0x00000000ef180000,0x00000000ef180000)
  from space 3584K, 0% used [0x00000000ef180000,0x00000000ef180000,0x00000000ef500000)
  to   space 3584K, 0% used [0x00000000ef580000,0x00000000ef580000,0x00000000ef900000)
 ParOldGen       total 75264K, used 32311K [0x00000000c9600000, 0x00000000cdf80000, 0x00000000edd00000)
  object space 75264K, 42% used [0x00000000c9600000,0x00000000cb58dc10,0x00000000cdf80000)
 Metaspace       used 64575K, capacity 67156K, committed 72752K, reserved 1114112K
  class space    used 7471K, capacity 7946K, committed 8752K, reserved 1048576K
Event: 5911.393 GC heap after
Heap after GC invocations=2855 (full 13):
 PSYoungGen      total 25600K, used 960K [0x00000000edd00000, 0x00000000efa00000, 0x0000000100000000)
  eden space 22016K, 0% used [0x00000000edd00000,0x00000000edd00000,0x00000000ef280000)
  from space 3584K, 26% used [0x00000000ef580000,0x00000000ef670000,0x00000000ef900000)
  to   space 3072K, 0% used [0x00000000ef280000,0x00000000ef280000,0x00000000ef580000)
 ParOldGen       total 75264K, used 32319K [0x00000000c9600000, 0x00000000cdf80000, 0x00000000edd00000)
  object space 75264K, 42% used [0x00000000c9600000,0x00000000cb58fc10,0x00000000cdf80000)
 Metaspace       used 64575K, capacity 67156K, committed 72752K, reserved 1114112K
  class space    used 7471K, capacity 7946K, committed 8752K, reserved 1048576K
}
Event: 5914.065 GC heap before
{Heap before GC invocations=2856 (full 13):
 PSYoungGen      total 25600K, used 22976K [0x00000000edd00000, 0x00000000efa00000, 0x0000000100000000)
  eden space 22016K, 100% used [0x00000000edd00000,0x00000000ef280000,0x00000000ef280000)
  from space 3584K, 26% used [0x00000000ef580000,0x00000000ef670000,0x00000000ef900000)
  to   space 3072K, 0% used [0x00000000ef280000,0x00000000ef280000,0x00000000ef580000)
 ParOldGen       total 75264K, used 32319K [0x00000000c9600000, 0x00000000cdf80000, 0x00000000edd00000)
  object space 75264K, 42% used [0x00000000c9600000,0x00000000cb58fc10,0x00000000cdf80000)
 Metaspace       used 64586K, capacity 67180K, committed 72752K, reserved 1114112K
  class space    used 7473K, capacity 7950K, committed 8752K, reserved 1048576K
Event: 5915.430 GC heap after
Heap after GC invocations=2856 (full 13):
 PSYoungGen      total 25088K, used 1184K [0x00000000edd00000, 0x00000000efc80000, 0x0000000100000000)
  eden space 22016K, 0% used [0x00000000edd00000,0x00000000edd00000,0x00000000ef280000)
  from space 3072K, 38% used [0x00000000ef280000,0x00000000ef3a8000,0x00000000ef580000)
  to   space 3072K, 0% used [0x00000000ef980000,0x00000000ef980000,0x00000000efc80000)
 ParOldGen       total 75264K, used 32319K [0x00000000c9600000, 0x00000000cdf80000, 0x00000000edd00000)
  object space 75264K, 42% used [0x00000000c9600000,0x00000000cb58fc10,0x00000000cdf80000)
 Metaspace       used 64586K, capacity 67180K, committed 72752K, reserved 1114112K
  class space    used 7473K, capacity 7950K, committed 8752K, reserved 1048576K
}
Event: 5920.800 GC heap before
{Heap before GC invocations=2857 (full 13):
 PSYoungGen      total 25088K, used 23200K [0x00000000edd00000, 0x00000000efc80000, 0x0000000100000000)
  eden space 22016K, 100% used [0x00000000edd00000,0x00000000ef280000,0x00000000ef280000)
  from space 3072K, 38% used [0x00000000ef280000,0x00000000ef3a8000,0x00000000ef580000)
  to   space 3072K, 0% used [0x00000000ef980000,0x00000000ef980000,0x00000000efc80000)
 ParOldGen       total 75264K, used 32319K [0x00000000c9600000, 0x00000000cdf80000, 0x00000000edd00000)
  object space 75264K, 42% used [0x00000000c9600000,0x00000000cb58fc10,0x00000000cdf80000)
 Metaspace       used 64586K, capacity 67180K, committed 72752K, reserved 1114112K
  class space    used 7473K, capacity 7950K, committed 8752K, reserved 1048576K
Event: 5920.818 GC heap after
Heap after GC invocations=2857 (full 13):
 PSYoungGen      total 29184K, used 1072K [0x00000000edd00000, 0x00000000efc80000, 0x0000000100000000)
  eden space 26112K, 0% used [0x00000000edd00000,0x00000000edd00000,0x00000000ef680000)
  from space 3072K, 34% used [0x00000000ef980000,0x00000000efa8c0d0,0x00000000efc80000)
  to   space 3072K, 0% used [0x00000000ef680000,0x00000000ef680000,0x00000000ef980000)
 ParOldGen       total 75264K, used 32319K [0x00000000c9600000, 0x00000000cdf80000, 0x00000000edd00000)
  object space 75264K, 42% used [0x00000000c9600000,0x00000000cb58fc10,0x00000000cdf80000)
 Metaspace       used 64586K, capacity 67180K, committed 72752K, reserved 1114112K
  class space    used 7473K, capacity 7950K, committed 8752K, reserved 1048576K
}
Event: 5924.412 GC heap before
{Heap before GC invocations=2858 (full 13):
 PSYoungGen      total 29184K, used 27184K [0x00000000edd00000, 0x00000000efc80000, 0x0000000100000000)
  eden space 26112K, 100% used [0x00000000edd00000,0x00000000ef680000,0x00000000ef680000)
  from space 3072K, 34% used [0x00000000ef980000,0x00000000efa8c0d0,0x00000000efc80000)
  to   space 3072K, 0% used [0x00000000ef680000,0x00000000ef680000,0x00000000ef980000)
 ParOldGen       total 75264K, used 32319K [0x00000000c9600000, 0x00000000cdf80000, 0x00000000edd00000)
  object space 75264K, 42% used [0x00000000c9600000,0x00000000cb58fc10,0x00000000cdf80000)
 Metaspace       used 64588K, capacity 67186K, committed 72752K, reserved 1114112K
  class space    used 7474K, capacity 7951K, committed 8752K, reserved 1048576K

Deoptimization events (10 events):
Event: 3558.004 Thread 0x00007f38a805e000 Uncommon trap: reason=unstable_if action=reinterpret pc=0x00007f38dbd0ca3c method=java.lang.ref.SoftReference.get()Ljava/lang/Object; @ 6
Event: 3580.152 Thread 0x00007f38a8059800 Uncommon trap: reason=array_check action=maybe_recompile pc=0x00007f38dc750664 method=org.springframework.util.ObjectUtils.addObjectToArray([Ljava/lang/Object;Ljava/lang/Object;)[Ljava/lang/Object; @ 75
Event: 3580.157 Thread 0x00007f38a8059800 Uncommon trap: reason=array_check action=maybe_recompile pc=0x00007f38dc750664 method=org.springframework.util.ObjectUtils.addObjectToArray([Ljava/lang/Object;Ljava/lang/Object;)[Ljava/lang/Object; @ 75
Event: 3580.161 Thread 0x00007f38a8059800 Uncommon trap: reason=array_check action=maybe_recompile pc=0x00007f38dc750664 method=org.springframework.util.ObjectUtils.addObjectToArray([Ljava/lang/Object;Ljava/lang/Object;)[Ljava/lang/Object; @ 75
Event: 3580.161 Thread 0x00007f38a8059800 Uncommon trap: reason=array_check action=maybe_recompile pc=0x00007f38dc750664 method=org.springframework.util.ObjectUtils.addObjectToArray([Ljava/lang/Object;Ljava/lang/Object;)[Ljava/lang/Object; @ 75
Event: 3581.421 Thread 0x00007f38a8059800 Uncommon trap: reason=unstable_if action=reinterpret pc=0x00007f38dc3e96a0 method=java.lang.ref.SoftReference.get()Ljava/lang/Object; @ 6
Event: 3582.244 Thread 0x00007f38a8059800 Uncommon trap: reason=null_check action=make_not_entrant pc=0x00007f38dc796b98 method=sun.reflect.Reflection.filterFields(Ljava/lang/Class;[Ljava/lang/reflect/Field;)[Ljava/lang/reflect/Field; @ 18
Event: 5906.093 Thread 0x00007f38c4018800 Uncommon trap: reason=unstable_if action=reinterpret pc=0x00007f38db0ec740 method=org.springframework.boot.devtools.filewatch.FolderSnapshot.collectFiles(Ljava/io/File;Ljava/util/Set;)V @ 73
Event: 5906.097 Thread 0x00007f38a805e000 Uncommon trap: reason=unstable_if action=reinterpret pc=0x00007f38db0ec740 method=org.springframework.boot.devtools.filewatch.FolderSnapshot.collectFiles(Ljava/io/File;Ljava/util/Set;)V @ 73
Event: 5906.099 Thread 0x00007f38cc5c9000 Uncommon trap: reason=unstable_if action=reinterpret pc=0x00007f38db0ec780 method=org.springframework.boot.devtools.filewatch.FolderSnapshot.collectFiles(Ljava/io/File;Ljava/util/Set;)V @ 73

Classes redefined (10 events):
Event: 801.678 Thread 0x00007f38f0103000 redefined class name=com.hengbang.hbcrm.sys.shiro.StatelessAuthcFilter, count=2
Event: 3579.032 Thread 0x00007f38f0103000 redefined class name=com.hengbang.hbcrm.sys.shiro.StatelessAuthcFilter, count=9
Event: 3579.107 Thread 0x00007f38f0103000 redefined class name=com.hengbang.hbcrm.sys.shiro.StatelessAuthcFilter, count=8
Event: 3579.174 Thread 0x00007f38f0103000 redefined class name=com.hengbang.hbcrm.sys.shiro.StatelessAuthcFilter, count=7
Event: 3579.241 Thread 0x00007f38f0103000 redefined class name=com.hengbang.hbcrm.sys.shiro.StatelessAuthcFilter, count=6
Event: 3579.308 Thread 0x00007f38f0103000 redefined class name=com.hengbang.hbcrm.sys.shiro.StatelessAuthcFilter, count=5
Event: 3579.382 Thread 0x00007f38f0103000 redefined class name=com.hengbang.hbcrm.sys.shiro.StatelessAuthcFilter, count=5
Event: 3579.448 Thread 0x00007f38f0103000 redefined class name=com.hengbang.hbcrm.sys.shiro.StatelessAuthcFilter, count=3
Event: 3579.530 Thread 0x00007f38f0103000 redefined class name=com.hengbang.hbcrm.sys.shiro.StatelessAuthcFilter, count=3
Event: 3579.602 Thread 0x00007f38f0103000 redefined class name=com.hengbang.hbcrm.sys.shiro.StatelessAuthcFilter, count=1

Internal exceptions (10 events):
Event: 3582.295 Thread 0x00007f38a8059800 Exception <a 'java/lang/ClassNotFoundException': com/hengbang/hbcrm/utils/mail/controller/MailControllerCustomizer> (0x00000000ef9058b8) thrown at [/HUDSON/workspace/8-2-build-linux-amd64/jdk8u181/11358/hotspot/src/share/vm/classfile/systemDictionary.cpp,
Event: 3582.301 Thread 0x00007f38a8059800 Exception <a 'java/io/FileNotFoundException'> (0x00000000ef9ad950) thrown at [/HUDSON/workspace/8-2-build-linux-amd64/jdk8u181/11358/hotspot/src/share/vm/prims/jni.cpp, line 709]
Event: 3582.301 Thread 0x00007f38a8059800 Exception <a 'java/io/FileNotFoundException'> (0x00000000ef9ae418) thrown at [/HUDSON/workspace/8-2-build-linux-amd64/jdk8u181/11358/hotspot/src/share/vm/prims/jni.cpp, line 709]
Event: 3582.304 Thread 0x00007f38a8059800 Exception <a 'java/lang/ClassNotFoundException': java/lang/ObjectCustomizer> (0x00000000efa214f0) thrown at [/HUDSON/workspace/8-2-build-linux-amd64/jdk8u181/11358/hotspot/src/share/vm/classfile/systemDictionary.cpp, line 210]
Event: 3582.305 Thread 0x00007f38a8059800 Exception <a 'java/lang/ClassNotFoundException': com/hengbang/hbcrm/views/ViewsControllerCustomizer> (0x00000000efa3f2a8) thrown at [/HUDSON/workspace/8-2-build-linux-amd64/jdk8u181/11358/hotspot/src/share/vm/classfile/systemDictionary.cpp, line 210]
Event: 5910.093 Thread 0x00007f38c80d1800 Exception <a 'java/lang/InterruptedException': sleep interrupted> (0x00000000ee70df78) thrown at [/HUDSON/workspace/8-2-build-linux-amd64/jdk8u181/11358/hotspot/src/share/vm/prims/jvm.cpp, line 3273]
Event: 5910.153 Thread 0x00007f38c80d2000 Exception <a 'java/lang/InterruptedException': sleep interrupted> (0x00000000ee79c098) thrown at [/HUDSON/workspace/8-2-build-linux-amd64/jdk8u181/11358/hotspot/src/share/vm/prims/jvm.cpp, line 3273]
Event: 5911.139 Thread 0x00007f389c033800 Exception <a 'java/io/FileNotFoundException'> (0x00000000ee373ec8) thrown at [/HUDSON/workspace/8-2-build-linux-amd64/jdk8u181/11358/hotspot/src/share/vm/prims/jni.cpp, line 709]
Event: 5920.529 Thread 0x00007f389c033800 Exception <a 'java/security/PrivilegedActionException'> (0x00000000ef242c80) thrown at [/HUDSON/workspace/8-2-build-linux-amd64/jdk8u181/11358/hotspot/src/share/vm/prims/jvm.cpp, line 1435]
Event: 5920.827 Thread 0x00007f389c033800 Exception <a 'java/security/PrivilegedActionException'> (0x00000000edd3df20) thrown at [/HUDSON/workspace/8-2-build-linux-amd64/jdk8u181/11358/hotspot/src/share/vm/prims/jvm.cpp, line 1435]

Events (10 events):
Event: 5923.793 loading class org/apache/tomcat/jdbc/pool/DataSource
Event: 5923.795 loading class org/apache/tomcat/jdbc/pool/DataSource done
Event: 5923.800 Thread 0x00007f389c033800 DEOPT PACKING pc=0x00007f38db28325c sp=0x00007f3898c5f1e0
Event: 5923.802 Thread 0x00007f389c033800 DEOPT UNPACKING pc=0x00007f38da902384 sp=0x00007f3898c5ee80 mode 1
Event: 5923.940 Thread 0x00007f389c033800 DEOPT PACKING pc=0x00007f38db406fe4 sp=0x00007f3898c5f2a0
Event: 5924.129 Thread 0x00007f389c033800 DEOPT UNPACKING pc=0x00007f38da902384 sp=0x00007f3898c5efd0 mode 1
Event: 5924.378 Thread 0x00007f389c033800 DEOPT PACKING pc=0x00007f38db030ef4 sp=0x00007f3898c5f2d0
Event: 5924.392 Thread 0x00007f389c033800 DEOPT UNPACKING pc=0x00007f38da902384 sp=0x00007f3898c5ef90 mode 1
Event: 5924.406 loading class org/apache/commons/dbcp2/BasicDataSource
Event: 5924.407 Executing VM operation: ParallelGCFailedAllocation


Dynamic libraries:
00400000-00401000 r-xp 00000000 fd:00 34659799                           /usr/java/jdk1.8.0_181-amd64/bin/java
00600000-00601000 rw-p 00000000 fd:00 34659799                           /usr/java/jdk1.8.0_181-amd64/bin/java
0234f000-03382000 rw-p 00000000 00:00 0                                  [heap]
c9600000-cdf80000 rw-p 00000000 00:00 0 
cdf80000-edd00000 ---p 00000000 00:00 0 
edd00000-efc80000 rw-p 00000000 00:00 0 
f0100000-100000000 ---p 00000000 00:00 0 
100000000-10088c000 rw-p 00000000 00:00 0 
10088c000-140000000 ---p 00000000 00:00 0 
7f3890000000-7f3890aca000 rw-p 00000000 00:00 0 
7f3890aca000-7f3894000000 ---p 00000000 00:00 0 
7f3896858000-7f389685b000 ---p 00000000 00:00 0 
7f389685b000-7f38969d9000 rw-p 00000000 00:00 0 
7f38969d9000-7f3896b5c000 ---p 00000000 00:00 0 
7f3896b5c000-7f3896c5a000 rw-p 00000000 00:00 0 
7f3896c5a000-7f3896c5d000 ---p 00000000 00:00 0 
7f3896c5d000-7f3896d5b000 rw-p 00000000 00:00 0 
7f3896e5b000-7f389705b000 rw-p 00000000 00:00 0 
7f389705b000-7f389725b000 rw-p 00000000 00:00 0 
7f389725b000-7f389745b000 rw-p 00000000 00:00 0 
7f389745b000-7f389765b000 rw-p 00000000 00:00 0 
7f389765b000-7f389765e000 ---p 00000000 00:00 0 
7f389765e000-7f389795c000 rw-p 00000000 00:00 0 
7f389795c000-7f3897b5c000 rw-p 00000000 00:00 0 
7f3897b5c000-7f3897d5c000 rw-p 00000000 00:00 0 
7f3897d5c000-7f3897f5c000 rw-p 00000000 00:00 0 
7f3897f5c000-7f389815c000 rw-p 00000000 00:00 0 
7f389815c000-7f389835c000 rw-p 00000000 00:00 0 
7f389835c000-7f389855c000 rw-p 00000000 00:00 0 
7f389855c000-7f389855f000 ---p 00000000 00:00 0 
7f389855f000-7f389865d000 rw-p 00000000 00:00 0 
7f389865d000-7f3898660000 ---p 00000000 00:00 0 
7f3898660000-7f389875e000 rw-p 00000000 00:00 0 
7f389875e000-7f3898761000 ---p 00000000 00:00 0 
7f3898761000-7f389885f000 rw-p 00000000 00:00 0 
7f389885f000-7f3898862000 ---p 00000000 00:00 0 
7f3898862000-7f3898960000 rw-p 00000000 00:00 0 
7f3898960000-7f3898963000 ---p 00000000 00:00 0 
7f3898963000-7f3898a61000 rw-p 00000000 00:00 0 
7f3898a61000-7f3898a64000 ---p 00000000 00:00 0 
7f3898a64000-7f3898b62000 rw-p 00000000 00:00 0 
7f3898b62000-7f3898b65000 ---p 00000000 00:00 0 
7f3898b65000-7f3898c63000 rw-p 00000000 00:00 0 
7f3898c63000-7f3898c66000 ---p 00000000 00:00 0 
7f3898c66000-7f3898d64000 rw-p 00000000 00:00 0 
7f3898d64000-7f3898d67000 ---p 00000000 00:00 0 
7f3898d67000-7f3898e65000 rw-p 00000000 00:00 0 
7f3898e65000-7f3898e68000 ---p 00000000 00:00 0 
7f3898e68000-7f3898f66000 rw-p 00000000 00:00 0 
7f3898f66000-7f3898f69000 ---p 00000000 00:00 0 
7f3898f69000-7f3899067000 rw-p 00000000 00:00 0 
7f3899067000-7f389906a000 ---p 00000000 00:00 0 
7f389906a000-7f3899168000 rw-p 00000000 00:00 0 
7f3899168000-7f389916b000 ---p 00000000 00:00 0 
7f389916b000-7f3899269000 rw-p 00000000 00:00 0 
7f3899269000-7f389926c000 ---p 00000000 00:00 0 
7f389926c000-7f389936a000 rw-p 00000000 00:00 0 
7f389936a000-7f389936d000 ---p 00000000 00:00 0 
7f389936d000-7f389946b000 rw-p 00000000 00:00 0 
7f389946b000-7f389946e000 ---p 00000000 00:00 0 
7f389946e000-7f389956c000 rw-p 00000000 00:00 0 
7f389956c000-7f389956f000 ---p 00000000 00:00 0 
7f389956f000-7f389986d000 rw-p 00000000 00:00 0 
7f389986d000-7f3899870000 ---p 00000000 00:00 0 
7f3899870000-7f3899b6e000 rw-p 00000000 00:00 0 
7f3899b6e000-7f3899b71000 ---p 00000000 00:00 0 
7f3899b71000-7f3899c6f000 rw-p 00000000 00:00 0 
7f3899c6f000-7f3899c72000 ---p 00000000 00:00 0 
7f3899c72000-7f3899f70000 rw-p 00000000 00:00 0 
7f3899f70000-7f3899f73000 ---p 00000000 00:00 0 
7f3899f73000-7f389a071000 rw-p 00000000 00:00 0 
7f389a071000-7f389a074000 ---p 00000000 00:00 0 
7f389a074000-7f389a372000 rw-p 00000000 00:00 0 
7f389a372000-7f389a572000 rw-p 00000000 00:00 0 
7f389a572000-7f389a772000 rw-p 00000000 00:00 0 
7f389a772000-7f389a7a4000 r-xp 00000000 fd:00 101372916                  /usr/java/jdk1.8.0_181-amd64/jre/lib/amd64/libsunec.so
7f389a7a4000-7f389a9a3000 ---p 00032000 fd:00 101372916                  /usr/java/jdk1.8.0_181-amd64/jre/lib/amd64/libsunec.so
7f389a9a3000-7f389a9a9000 rw-p 00031000 fd:00 101372916                  /usr/java/jdk1.8.0_181-amd64/jre/lib/amd64/libsunec.so
7f389a9a9000-7f389abb9000 rw-p 00000000 00:00 0 
7f389abb9000-7f389adb9000 rw-p 00000000 00:00 0 
7f389adb9000-7f389afb9000 rw-p 00000000 00:00 0 
7f389afb9000-7f389b1b9000 rw-p 00000000 00:00 0 
7f389b1b9000-7f389b1ca000 r-xp 00000000 fd:00 101345951                  /usr/java/jdk1.8.0_181-amd64/jre/lib/amd64/libnio.so
7f389b1ca000-7f389b3c9000 ---p 00011000 fd:00 101345951                  /usr/java/jdk1.8.0_181-amd64/jre/lib/amd64/libnio.so
7f389b3c9000-7f389b3ca000 rw-p 00010000 fd:00 101345951                  /usr/java/jdk1.8.0_181-amd64/jre/lib/amd64/libnio.so
7f389b3ca000-7f389b5ca000 rw-p 00000000 00:00 0 
7f389b5ca000-7f389b7ca000 rw-p 00000000 00:00 0 
7f389b7ca000-7f389b9ca000 rw-p 00000000 00:00 0 
7f389b9ca000-7f389bbca000 rw-p 00000000 00:00 0 
7f389bbca000-7f389bbd9000 r-xp 00000000 fd:00 33664370                   /usr/lib64/libbz2.so.1.0.6
7f389bbd9000-7f389bdd8000 ---p 0000f000 fd:00 33664370                   /usr/lib64/libbz2.so.1.0.6
7f389bdd8000-7f389bdd9000 r--p 0000e000 fd:00 33664370                   /usr/lib64/libbz2.so.1.0.6
7f389bdd9000-7f389bdda000 rw-p 0000f000 fd:00 33664370                   /usr/lib64/libbz2.so.1.0.6
7f389bdda000-7f389bdff000 r-xp 00000000 fd:00 33664366                   /usr/lib64/liblzma.so.5.2.2
7f389bdff000-7f389bffe000 ---p 00025000 fd:00 33664366                   /usr/lib64/liblzma.so.5.2.2
7f389bffe000-7f389bfff000 r--p 00024000 fd:00 33664366                   /usr/lib64/liblzma.so.5.2.2
7f389bfff000-7f389c000000 rw-p 00025000 fd:00 33664366                   /usr/lib64/liblzma.so.5.2.2
7f389c000000-7f389c076000 rw-p 00000000 00:00 0 
7f389c076000-7f38a0000000 ---p 00000000 00:00 0 
7f38a0000000-7f38a06cd000 rw-p 00000000 00:00 0 
7f38a06cd000-7f38a4000000 ---p 00000000 00:00 0 
7f38a4000000-7f38a55f6000 rw-p 00000000 00:00 0 
7f38a55f6000-7f38a8000000 ---p 00000000 00:00 0 
7f38a8000000-7f38a828d000 rw-p 00000000 00:00 0 
7f38a828d000-7f38ac000000 ---p 00000000 00:00 0 
7f38ac000000-7f38ac081000 rw-p 00000000 00:00 0 
7f38ac081000-7f38b0000000 ---p 00000000 00:00 0 
7f38b0000000-7f38b3ffe000 rw-p 00000000 00:00 0 
7f38b3ffe000-7f38b4000000 ---p 00000000 00:00 0 
7f38b4000000-7f38b41f7000 rw-p 00000000 00:00 0 
7f38b41f7000-7f38b8000000 ---p 00000000 00:00 0 
7f38b8000000-7f38b8129000 rw-p 00000000 00:00 0 
7f38b8129000-7f38bc000000 ---p 00000000 00:00 0 
7f38bc000000-7f38bc294000 rw-p 00000000 00:00 0 
7f38bc294000-7f38c0000000 ---p 00000000 00:00 0 
7f38c0000000-7f38c0052000 rw-p 00000000 00:00 0 
7f38c0052000-7f38c4000000 ---p 00000000 00:00 0 
7f38c4000000-7f38c4382000 rw-p 00000000 00:00 0 
7f38c4382000-7f38c8000000 ---p 00000000 00:00 0 
7f38c8000000-7f38c82c3000 rw-p 00000000 00:00 0 
7f38c82c3000-7f38cc000000 ---p 00000000 00:00 0 
7f38cc000000-7f38cc5f1000 rw-p 00000000 00:00 0 
7f38cc5f1000-7f38d0000000 ---p 00000000 00:00 0 
7f38d00af000-7f38d00b0000 rw-p 00000000 00:00 0 
7f38d00b0000-7f38d00c5000 r-xp 00000000 fd:00 33587997                   /usr/lib64/libz.so.1.2.7
7f38d00c5000-7f38d02c4000 ---p 00015000 fd:00 33587997                   /usr/lib64/libz.so.1.2.7
7f38d02c4000-7f38d02c5000 r--p 00014000 fd:00 33587997                   /usr/lib64/libz.so.1.2.7
7f38d02c5000-7f38d02c6000 rw-p 00015000 fd:00 33587997                   /usr/lib64/libz.so.1.2.7
7f38d02c6000-7f38d02dd000 r-xp 00000000 fd:00 33664541                   /usr/lib64/libelf-0.170.so
7f38d02dd000-7f38d04dc000 ---p 00017000 fd:00 33664541                   /usr/lib64/libelf-0.170.so
7f38d04dc000-7f38d04dd000 r--p 00016000 fd:00 33664541                   /usr/lib64/libelf-0.170.so
7f38d04dd000-7f38d04de000 rw-p 00017000 fd:00 33664541                   /usr/lib64/libelf-0.170.so
7f38d04de000-7f38d04e2000 r-xp 00000000 fd:00 33664192                   /usr/lib64/libattr.so.1.1.0
7f38d04e2000-7f38d06e1000 ---p 00004000 fd:00 33664192                   /usr/lib64/libattr.so.1.1.0
7f38d06e1000-7f38d06e2000 r--p 00003000 fd:00 33664192                   /usr/lib64/libattr.so.1.1.0
7f38d06e2000-7f38d06e3000 rw-p 00004000 fd:00 33664192                   /usr/lib64/libattr.so.1.1.0
7f38d06e3000-7f38d06f8000 r-xp 00000000 fd:00 33554508                   /usr/lib64/libgcc_s-4.8.5-20150702.so.1
7f38d06f8000-7f38d08f7000 ---p 00015000 fd:00 33554508                   /usr/lib64/libgcc_s-4.8.5-20150702.so.1
7f38d08f7000-7f38d08f8000 r--p 00014000 fd:00 33554508                   /usr/lib64/libgcc_s-4.8.5-20150702.so.1
7f38d08f8000-7f38d08f9000 rw-p 00015000 fd:00 33554508                   /usr/lib64/libgcc_s-4.8.5-20150702.so.1
7f38d08f9000-7f38d093d000 r-xp 00000000 fd:00 34359169                   /usr/lib64/libdw-0.170.so
7f38d093d000-7f38d0b3d000 ---p 00044000 fd:00 34359169                   /usr/lib64/libdw-0.170.so
7f38d0b3d000-7f38d0b3f000 r--p 00044000 fd:00 34359169                   /usr/lib64/libdw-0.170.so
7f38d0b3f000-7f38d0b40000 rw-p 00046000 fd:00 34359169                   /usr/lib64/libdw-0.170.so
7f38d0b40000-7f38d0b44000 r-xp 00000000 fd:00 33664195                   /usr/lib64/libcap.so.2.22
7f38d0b44000-7f38d0d43000 ---p 00004000 fd:00 33664195                   /usr/lib64/libcap.so.2.22
7f38d0d43000-7f38d0d44000 r--p 00003000 fd:00 33664195                   /usr/lib64/libcap.so.2.22
7f38d0d44000-7f38d0d45000 rw-p 00004000 fd:00 33664195                   /usr/lib64/libcap.so.2.22
7f38d0d45000-7f38d0d57000 r-xp 00000000 fd:00 34359167                   /usr/lib64/libnss_myhostname.so.2
7f38d0d57000-7f38d0f56000 ---p 00012000 fd:00 34359167                   /usr/lib64/libnss_myhostname.so.2
7f38d0f56000-7f38d0f59000 r--p 00011000 fd:00 34359167                   /usr/lib64/libnss_myhostname.so.2
7f38d0f59000-7f38d0f5a000 rw-p 00014000 fd:00 34359167                   /usr/lib64/libnss_myhostname.so.2
7f38d0f5a000-7f38d0f70000 r-xp 00000000 fd:00 33587978                   /usr/lib64/libresolv-2.17.so
7f38d0f70000-7f38d116f000 ---p 00016000 fd:00 33587978                   /usr/lib64/libresolv-2.17.so
7f38d116f000-7f38d1170000 r--p 00015000 fd:00 33587978                   /usr/lib64/libresolv-2.17.so
7f38d1170000-7f38d1171000 rw-p 00016000 fd:00 33587978                   /usr/lib64/libresolv-2.17.so
7f38d1171000-7f38d1173000 rw-p 00000000 00:00 0 
7f38d1173000-7f38d1178000 r-xp 00000000 fd:00 33587966                   /usr/lib64/libnss_dns-2.17.so
7f38d1178000-7f38d1378000 ---p 00005000 fd:00 33587966                   /usr/lib64/libnss_dns-2.17.so
7f38d1378000-7f38d1379000 r--p 00005000 fd:00 33587966                   /usr/lib64/libnss_dns-2.17.so
7f38d1379000-7f38d137a000 rw-p 00006000 fd:00 33587966                   /usr/lib64/libnss_dns-2.17.so
7f38d137a000-7f38d1380000 r--s 002f8000 fd:00 68280076                   /usr/java/jdk1.8.0_181-amd64/jre/lib/charsets.jar
7f38d1380000-7f38d1386000 r--s 0003e000 fd:00 68155629                   /usr/java/jdk1.8.0_181-amd64/jre/lib/ext/sunjce_provider.jar
7f38d1386000-7f38d1388000 r--s 00009000 fd:00 68155628                   /usr/java/jdk1.8.0_181-amd64/jre/lib/ext/sunec.jar
7f38d1388000-7f38d138c000 r--s 0009d000 fd:00 68280075                   /usr/java/jdk1.8.0_181-amd64/jre/lib/jsse.jar
7f38d138c000-7f38d138f000 r--s 0001a000 fd:00 68155653                   /usr/java/jdk1.8.0_181-amd64/jre/lib/jce.jar
7f38d138f000-7f38d13a5000 r-xp 00000000 fd:00 101345950                  /usr/java/jdk1.8.0_181-amd64/jre/lib/amd64/libnet.so
7f38d13a5000-7f38d15a5000 ---p 00016000 fd:00 101345950                  /usr/java/jdk1.8.0_181-amd64/jre/lib/amd64/libnet.so
7f38d15a5000-7f38d15a6000 rw-p 00016000 fd:00 101345950                  /usr/java/jdk1.8.0_181-amd64/jre/lib/amd64/libnet.so
7f38d15a6000-7f38d15af000 r-xp 00000000 fd:00 101345948                  /usr/java/jdk1.8.0_181-amd64/jre/lib/amd64/libmanagement.so
7f38d15af000-7f38d17ae000 ---p 00009000 fd:00 101345948                  /usr/java/jdk1.8.0_181-amd64/jre/lib/amd64/libmanagement.so
7f38d17ae000-7f38d17af000 rw-p 00008000 fd:00 101345948                  /usr/java/jdk1.8.0_181-amd64/jre/lib/amd64/libmanagement.so
7f38d17af000-7f38d1844000 r--s 007c0000 fd:00 68155624                   /usr/java/jdk1.8.0_181-amd64/jre/lib/ext/jfxrt.jar
7f38d1844000-7f38d1a44000 rw-p 00000000 00:00 0 
7f38d1a44000-7f38d1c44000 rw-p 00000000 00:00 0 
7f38d1c44000-7f38d1c47000 ---p 00000000 00:00 0 
7f38d1c47000-7f38d1d45000 rw-p 00000000 00:00 0 
7f38d1d45000-7f38d1d48000 ---p 00000000 00:00 0 
7f38d1d48000-7f38d1e46000 rw-p 00000000 00:00 0 
7f38d1e46000-7f38d1e49000 ---p 00000000 00:00 0 
7f38d1e49000-7f38d1f47000 rw-p 00000000 00:00 0 
7f38d1f47000-7f38d1f52000 r--s 0021a000 fd:00 68155652                   /usr/java/jdk1.8.0_181-amd64/jre/lib/ext/localedata.jar
7f38d1f52000-7f38d1f75000 r--s 0038e000 fd:00 68155621                   /usr/java/jdk1.8.0_181-amd64/jre/lib/ext/cldrdata.jar
7f38d1f75000-7f38d1f7c000 r--s 00000000 fd:00 67177859                   /usr/lib64/gconv/gconv-modules.cache
7f38d1f7c000-7f38d1f90000 r--p 00000000 fd:00 33587620                   /usr/share/locale/zh_CN/LC_MESSAGES/libc.mo
7f38d1f90000-7f38d1f91000 ---p 00000000 00:00 0 
7f38d1f91000-7f38d2091000 rw-p 00000000 00:00 0 
7f38d2091000-7f38d2094000 ---p 00000000 00:00 0 
7f38d2094000-7f38d2192000 rw-p 00000000 00:00 0 
7f38d2192000-7f38d2196000 ---p 00000000 00:00 0 
7f38d2196000-7f38d2293000 rw-p 00000000 00:00 0 
7f38d2293000-7f38d2297000 ---p 00000000 00:00 0 
7f38d2297000-7f38d2394000 rw-p 00000000 00:00 0 
7f38d2394000-7f38d239b000 r--s 00064000 fd:00 101607242                  /usr/local/tools/idea-IC-182.4505.22/lib/rt/debugger-agent.jar
7f38d239b000-7f38d239d000 r--s 0001a000 fd:00 2034                       /usr/local/tools/idea-IC-182.4505.22/lib/idea_rt.jar
7f38d239d000-7f38d239f000 r--s 00014000 08:11 8652159                    /run/media/liudong/work/mavdepot/org/springframework/boot/spring-boot-configuration-processor/2.0.4.RELEASE/spring-boot-configuration-processor-2.0.4.RELEASE.jar
7f38d239f000-7f38d23a8000 r--s 0002d000 08:11 8652221                    /run/media/liudong/work/mavdepot/xml-apis/xml-apis/1.4.01/xml-apis-1.4.01.jar
7f38d23a8000-7f38d23ad000 r--s 00048000 08:11 8652216                    /run/media/liudong/work/mavdepot/dom4j/dom4j/1.6.1/dom4j-1.6.1.jar
7f38d23ad000-7f38d23af000 r--s 00005000 08:11 8652214                    /run/media/liudong/work/mavdepot/org/apache/geronimo/specs/geronimo-stax-api_1.0_spec/1.0/geronimo-stax-api_1.0_spec-1.0.jar
7f38d23af000-7f38d23b1000 r--s 00005000 08:11 8652212                    /run/media/liudong/work/mavdepot/stax/stax-api/1.0.1/stax-api-1.0.1.jar
7f38d23b1000-7f38d23ee000 r--s 0024f000 08:11 8652211                    /run/media/liudong/work/mavdepot/org/apache/xmlbeans/xmlbeans/2.3.0/xmlbeans-2.3.0.jar
7f38d23ee000-7f38d246d000 r--s 0034a000 08:11 8652178                    /run/media/liudong/work/mavdepot/org/apache/poi/poi-ooxml-schemas/3.7/poi-ooxml-schemas-3.7.jar
7f38d246d000-7f38d2474000 r--s 00073000 08:11 8652207                    /run/media/liudong/work/mavdepot/org/apache/poi/poi-ooxml/3.7/poi-ooxml-3.7.jar
7f38d2474000-7f38d2491000 r--s 0017c000 08:11 8652193                    /run/media/liudong/work/mavdepot/org/apache/poi/poi/3.7/poi-3.7.jar
7f38d2491000-7f38d2498000 r--s 00057000 08:11 8652181                    /run/media/liudong/work/mavdepot/com/jhlabs/filters/2.0.235-1/filters-2.0.235-1.jar
7f38d2498000-7f38d249b000 r--s 00015000 08:11 8652190                    /run/media/liudong/work/mavdepot/javax/servlet/javax.servlet-api/3.1.0/javax.servlet-api-3.1.0.jar
7f38d249b000-7f38d249d000 r--s 00016000 08:11 8652188                    /run/media/liudong/work/mavdepot/com/github/penggle/kaptcha/2.3.2/kaptcha-2.3.2.jar
7f38d249d000-7f38d249f000 r--s 00008000 08:11 8652179                    /run/media/liudong/work/mavdepot/com/github/theborakompanioni/thymeleaf-extras-shiro/2.0.0/thymeleaf-extras-shiro-2.0.0.jar
7f38d249f000-7f38d24a3000 r--s 00021000 08:11 8652203                    /run/media/liudong/work/mavdepot/org/apache/shiro/shiro-web/1.4.0/shiro-web-1.4.0.jar
7f38d24a3000-7f38d24a4000 r--s 00004000 08:11 8652199                    /run/media/liudong/work/mavdepot/org/apache/shiro/shiro-event/1.4.0/shiro-event-1.4.0.jar
7f38d24a4000-7f38d24b1000 r--s 00083000 08:11 8652194                    /run/media/liudong/work/mavdepot/commons-collections/commons-collections/3.2.2/commons-collections-3.2.2.jar
7f38d24b1000-7f38d24b6000 r--s 00038000 08:11 8652192                    /run/media/liudong/work/mavdepot/commons-beanutils/commons-beanutils/1.9.3/commons-beanutils-1.9.3.jar
7f38d24b6000-7f38d24b8000 r--s 00009000 08:11 8652151                    /run/media/liudong/work/mavdepot/org/apache/shiro/shiro-config-ogdl/1.4.0/shiro-config-ogdl-1.4.0.jar
7f38d24b8000-7f38d24b9000 r--s 00004000 08:11 8652149                    /run/media/liudong/work/mavdepot/org/apache/shiro/shiro-config-core/1.4.0/shiro-config-core-1.4.0.jar
7f38d24b9000-7f38d24ba000 r--s 00005000 08:11 8652186                    /run/media/liudong/work/mavdepot/org/apache/shiro/shiro-crypto-cipher/1.4.0/shiro-crypto-cipher-1.4.0.jar
7f38d24ba000-7f38d24bb000 r--s 00002000 08:11 8652183                    /run/media/liudong/work/mavdepot/org/apache/shiro/shiro-crypto-core/1.4.0/shiro-crypto-core-1.4.0.jar
7f38d24bb000-7f38d24bd000 r--s 00007000 08:11 8652165                    /run/media/liudong/work/mavdepot/org/apache/shiro/shiro-crypto-hash/1.4.0/shiro-crypto-hash-1.4.0.jar
7f38d24bd000-7f38d24bf000 r--s 00002000 08:11 8652180                    /run/media/liudong/work/mavdepot/org/apache/shiro/shiro-cache/1.4.0/shiro-cache-1.4.0.jar
7f38d24bf000-7f38d24c1000 r--s 0000b000 08:11 8652185                    /run/media/liudong/work/mavdepot/org/apache/shiro/shiro-lang/1.4.0/shiro-lang-1.4.0.jar
7f38d24c1000-7f38d24cb000 r--s 0005b000 08:11 8652204                    /run/media/liudong/work/mavdepot/org/apache/shiro/shiro-core/1.4.0/shiro-core-1.4.0.jar
7f38d24cb000-7f38d24cd000 r--s 00008000 08:11 8652162                    /run/media/liudong/work/mavdepot/org/apache/shiro/shiro-spring/1.4.0/shiro-spring-1.4.0.jar
7f38d24cd000-7f38d24cf000 r--s 00004000 08:11 8652166                    /run/media/liudong/work/mavdepot/org/springframework/spring-jcl/5.0.8.RELEASE/spring-jcl-5.0.8.RELEASE.jar
7f38d24cf000-7f38d24e7000 r--s 00114000 08:11 8652169                    /run/media/liudong/work/mavdepot/org/springframework/spring-core/5.0.8.RELEASE/spring-core-5.0.8.RELEASE.jar
7f38d24e7000-7f38d24fe000 r--s 00173000 08:11 8652056                    /run/media/liudong/work/mavdepot/org/projectlombok/lombok/1.16.22/lombok-1.16.22.jar
7f38d24fe000-7f38d2508000 r--s 000ec000 08:11 8652021                    /run/media/liudong/work/mavdepot/mysql/mysql-connector-java/5.1.46/mysql-connector-java-5.1.46.jar
7f38d2508000-7f38d2529000 r--s 000fd000 08:11 8652140                    /run/media/liudong/work/mavdepot/org/springframework/boot/spring-boot-autoconfigure/2.0.4.RELEASE/spring-boot-autoconfigure-2.0.4.RELEASE.jar
7f38d2529000-7f38d253e000 r--s 000d0000 08:11 8652135                    /run/media/liudong/work/mavdepot/org/springframework/boot/spring-boot/2.0.4.RELEASE/spring-boot-2.0.4.RELEASE.jar
7f38d253e000-7f38d2544000 r--s 0002d000 08:11 8652118                    /run/media/liudong/work/mavdepot/org/springframework/boot/spring-boot-devtools/2.0.4.RELEASE/spring-boot-devtools-2.0.4.RELEASE.jar
7f38d2544000-7f38d254b000 r--s 00052000 08:11 8652006                    /run/media/liudong/work/mavdepot/com/github/jsqlparser/jsqlparser/1.0/jsqlparser-1.0.jar
7f38d254b000-7f38d254d000 r--s 00012000 08:11 8652049                    /run/media/liudong/work/mavdepot/com/github/pagehelper/pagehelper/5.1.4/pagehelper-5.1.4.jar
7f38d254d000-7f38d254e000 r--s 00001000 08:11 8652124                    /run/media/liudong/work/mavdepot/com/github/pagehelper/pagehelper-spring-boot-autoconfigure/1.2.5/pagehelper-spring-boot-autoconfigure-1.2.5.jar
7f38d254e000-7f38d254f000 r--s 00000000 08:11 8652096                    /run/media/liudong/work/mavdepot/com/github/pagehelper/pagehelper-spring-boot-starter/1.2.5/pagehelper-spring-boot-starter-1.2.5.jar
7f38d254f000-7f38d2551000 r--s 0000c000 08:11 8652023                    /run/media/liudong/work/mavdepot/org/mybatis/mybatis-spring/1.3.2/mybatis-spring-1.3.2.jar
7f38d2551000-7f38d256b000 r--s 00173000 08:11 8652094                    /run/media/liudong/work/mavdepot/org/mybatis/mybatis/3.4.6/mybatis-3.4.6.jar
7f38d256b000-7f38d256c000 r--s 00003000 08:11 8652120                    /run/media/liudong/work/mavdepot/org/mybatis/spring/boot/mybatis-spring-boot-autoconfigure/1.3.2/mybatis-spring-boot-autoconfigure-1.3.2.jar
7f38d256c000-7f38d256d000 r--s 00000000 08:11 8652126                    /run/media/liudong/work/mavdepot/org/mybatis/spring/boot/mybatis-spring-boot-starter/1.3.2/mybatis-spring-boot-starter-1.3.2.jar
7f38d256d000-7f38d2576000 r--s 0005e000 08:11 8652055                    /run/media/liudong/work/mavdepot/org/springframework/spring-websocket/5.0.8.RELEASE/spring-websocket-5.0.8.RELEASE.jar
7f38d2576000-7f38d257f000 r--s 00054000 08:11 8652101                    /run/media/liudong/work/mavdepot/org/springframework/spring-messaging/5.0.8.RELEASE/spring-messaging-5.0.8.RELEASE.jar
7f38d257f000-7f38d258f000 r--s 000b2000 08:11 8652088                    /run/media/liudong/work/mavdepot/org/springframework/spring-webmvc/5.0.8.RELEASE/spring-webmvc-5.0.8.RELEASE.jar
7f38d258f000-7f38d25a9000 r--s 0011b000 08:11 8652032                    /run/media/liudong/work/mavdepot/org/springframework/spring-web/5.0.8.RELEASE/spring-web-5.0.8.RELEASE.jar
7f38d25a9000-7f38d25ae000 r--s 0003a000 08:11 8652005                    /run/media/liudong/work/mavdepot/org/apache/tomcat/embed/tomcat-embed-websocket/8.5.32/tomcat-embed-websocket-8.5.32.jar
7f38d25ae000-7f38d25d7000 r--s 002d3000 08:11 8652110                    /run/media/liudong/work/mavdepot/org/apache/tomcat/embed/tomcat-embed-core/8.5.32/tomcat-embed-core-8.5.32.jar
7f38d25d7000-7f38d25d9000 r--s 00001000 08:11 8652079                    /run/media/liudong/work/mavdepot/com/fasterxml/jackson/module/jackson-module-parameter-names/2.9.6/jackson-module-parameter-names-2.9.6.jar
7f38d25d9000-7f38d25ec000 r--s 00137000 08:11 8652085                    /run/media/liudong/work/mavdepot/com/fasterxml/jackson/core/jackson-databind/2.9.6/jackson-databind-2.9.6.jar
7f38d25ec000-7f38d25ef000 ---p 00000000 00:00 0 
7f38d25ef000-7f38d26ed000 rw-p 00000000 00:00 0 
7f38d26ed000-7f38d26f0000 ---p 00000000 00:00 0 
7f38d26f0000-7f38d27ee000 rw-p 00000000 00:00 0 
7f38d27ee000-7f38d27f1000 ---p 00000000 00:00 0 
7f38d27f1000-7f38d28ef000 rw-p 00000000 00:00 0 
7f38d28ef000-7f38d28f3000 r-xp 00000000 fd:00 101345918                  /usr/java/jdk1.8.0_181-amd64/jre/lib/amd64/libdt_socket.so
7f38d28f3000-7f38d2af2000 ---p 00004000 fd:00 101345918                  /usr/java/jdk1.8.0_181-amd64/jre/lib/amd64/libdt_socket.so
7f38d2af2000-7f38d2af3000 rw-p 00003000 fd:00 101345918                  /usr/java/jdk1.8.0_181-amd64/jre/lib/amd64/libdt_socket.so
7f38d2af3000-7f38d2af6000 ---p 00000000 00:00 0 
7f38d2af6000-7f38d2bf4000 rw-p 00000000 00:00 0 
7f38d2bf4000-7f38d2bf7000 ---p 00000000 00:00 0 
7f38d2bf7000-7f38d2cf5000 rw-p 00000000 00:00 0 
7f38d2cf5000-7f38d2cf8000 ---p 00000000 00:00 0 
7f38d2cf8000-7f38d2df6000 rw-p 00000000 00:00 0 
7f38d2df6000-7f38d2df7000 ---p 00000000 00:00 0 
7f38d2df7000-7f38d4000000 rw-p 00000000 00:00 0 
7f38d4000000-7f38d40ce000 rw-p 00000000 00:00 0 
7f38d40ce000-7f38d8000000 ---p 00000000 00:00 0 
7f38d8000000-7f38d8001000 r--s 00000000 08:11 8652091                    /run/media/liudong/work/mavdepot/org/springframework/boot/spring-boot-starter-tomcat/2.0.4.RELEASE/spring-boot-starter-tomcat-2.0.4.RELEASE.jar
7f38d8001000-7f38d8004000 r--s 00016000 08:11 8652098                    /run/media/liudong/work/mavdepot/com/fasterxml/jackson/datatype/jackson-datatype-jsr310/2.9.6/jackson-datatype-jsr310-2.9.6.jar
7f38d8004000-7f38d8006000 r--s 00007000 08:11 8652084                    /run/media/liudong/work/mavdepot/com/fasterxml/jackson/datatype/jackson-datatype-jdk8/2.9.6/jackson-datatype-jdk8-2.9.6.jar
7f38d8006000-7f38d800b000 r--s 0004b000 08:11 8652087                    /run/media/liudong/work/mavdepot/com/fasterxml/jackson/core/jackson-core/2.9.6/jackson-core-2.9.6.jar
7f38d800b000-7f38d800e000 r--s 0000e000 08:11 8652099                    /run/media/liudong/work/mavdepot/com/fasterxml/jackson/core/jackson-annotations/2.9.0/jackson-annotations-2.9.0.jar
7f38d800e000-7f38d800f000 r--s 00000000 08:11 8652058                    /run/media/liudong/work/mavdepot/org/springframework/boot/spring-boot-starter-json/2.0.4.RELEASE/spring-boot-starter-json-2.0.4.RELEASE.jar
7f38d800f000-7f38d8010000 r--s 00000000 08:11 8652083                    /run/media/liudong/work/mavdepot/org/springframework/boot/spring-boot-starter-web/2.0.4.RELEASE/spring-boot-starter-web-2.0.4.RELEASE.jar
7f38d8010000-7f38d8011000 r--s 00000000 08:11 8652073                    /run/media/liudong/work/mavdepot/org/springframework/boot/spring-boot-starter-websocket/2.0.4.RELEASE/spring-boot-starter-websocket-2.0.4.RELEASE.jar
7f38d8011000-7f38d8013000 r--s 0000e000 08:11 8652065                    /run/media/liudong/work/mavdepot/com/fasterxml/classmate/1.3.4/classmate-1.3.4.jar
7f38d8013000-7f38d8015000 r--s 0000f000 08:11 8652011                    /run/media/liudong/work/mavdepot/org/jboss/logging/jboss-logging/3.3.2.Final/jboss-logging-3.3.2.Final.jar
7f38d8015000-7f38d801a000 r--s 00012000 08:11 8652044                    /run/media/liudong/work/mavdepot/javax/validation/validation-api/2.0.1.Final/validation-api-2.0.1.Final.jar
7f38d801a000-7f38d8037000 r--s 000fe000 08:11 8652026                    /run/media/liudong/work/mavdepot/org/hibernate/validator/hibernate-validator/6.0.11.Final/hibernate-validator-6.0.11.Final.jar
7f38d8037000-7f38d803c000 r--s 00037000 08:11 8652106                    /run/media/liudong/work/mavdepot/org/apache/tomcat/embed/tomcat-embed-el/8.5.32/tomcat-embed-el-8.5.32.jar
7f38d803c000-7f38d803d000 r--s 00000000 08:11 8652029                    /run/media/liudong/work/mavdepot/org/springframework/boot/spring-boot-starter-validation/2.0.4.RELEASE/spring-boot-starter-validation-2.0.4.RELEASE.jar
7f38d803d000-7f38d803e000 r--s 00009000 08:11 8652067                    /run/media/liudong/work/mavdepot/org/thymeleaf/extras/thymeleaf-extras-java8time/3.0.1.RELEASE/thymeleaf-extras-java8time-3.0.1.RELEASE.jar
7f38d803e000-7f38d8041000 r--s 00026000 08:11 8652054                    /run/media/liudong/work/mavdepot/org/unbescape/unbescape/1.1.5.RELEASE/unbescape-1.1.5.RELEASE.jar
7f38d8041000-7f38d8045000 r--s 00035000 08:11 8652062                    /run/media/liudong/work/mavdepot/org/attoparser/attoparser/2.0.4.RELEASE/attoparser-2.0.4.RELEASE.jar
7f38d8045000-7f38d8055000 r--s 000c5000 08:11 8652068                    /run/media/liudong/work/mavdepot/org/thymeleaf/thymeleaf/3.0.9.RELEASE/thymeleaf-3.0.9.RELEASE.jar
7f38d8055000-7f38d8059000 r--s 00027000 08:11 8652037                    /run/media/liudong/work/mavdepot/org/thymeleaf/thymeleaf-spring5/3.0.9.RELEASE/thymeleaf-spring5-3.0.9.RELEASE.jar
7f38d8059000-7f38d805a000 r--s 00000000 08:11 8652019                    /run/media/liudong/work/mavdepot/org/springframework/boot/spring-boot-starter-thymeleaf/2.0.4.RELEASE/spring-boot-starter-thymeleaf-2.0.4.RELEASE.jar
7f38d805a000-7f38d805c000 r--s 0000e000 08:11 8652046                    /run/media/liudong/work/mavdepot/javax/activation/activation/1.1/activation-1.1.jar
7f38d805c000-7f38d8064000 r--s 00098000 08:11 8652033                    /run/media/liudong/work/mavdepot/com/sun/mail/javax.mail/1.6.1/javax.mail-1.6.1.jar
7f38d8064000-7f38d8065000 r--s 00000000 08:11 8652030                    /run/media/liudong/work/mavdepot/org/springframework/boot/spring-boot-starter-mail/2.0.4.RELEASE/spring-boot-starter-mail-2.0.4.RELEASE.jar
7f38d8065000-7f38d806d000 r--s 00037000 08:11 8652053                    /run/media/liudong/work/mavdepot/org/springframework/spring-tx/5.0.8.RELEASE/spring-tx-5.0.8.RELEASE.jar
7f38d806d000-7f38d8076000 r--s 00059000 08:11 8652042                    /run/media/liudong/work/mavdepot/org/springframework/spring-jdbc/5.0.8.RELEASE/spring-jdbc-5.0.8.RELEASE.jar
7f38d8076000-7f38d8078000 r--s 00009000 08:11 8652174                    /run/media/liudong/work/mavdepot/org/slf4j/slf4j-api/1.7.25/slf4j-api-1.7.25.jar
7f38d8078000-7f38d807c000 r--s 00020000 08:11 8652039                    /run/media/liudong/work/mavdepot/com/zaxxer/HikariCP/2.7.9/HikariCP-2.7.9.jar
7f38d807c000-7f38d807d000 r--s 00000000 08:11 8652114                    /run/media/liudong/work/mavdepot/org/springframework/boot/spring-boot-starter-jdbc/2.0.4.RELEASE/spring-boot-starter-jdbc-2.0.4.RELEASE.jar
7f38d807d000-7f38d8081000 r--s 00028000 08:11 8652036                    /run/media/liudong/work/mavdepot/org/springframework/spring-context-support/5.0.8.RELEASE/spring-context-support-5.0.8.RELEASE.jar
7f38d8081000-7f38d8086000 r--s 00040000 08:11 8652003                    /run/media/liudong/work/mavdepot/org/springframework/spring-expression/5.0.8.RELEASE/spring-expression-5.0.8.RELEASE.jar
7f38d8086000-7f38d8093000 r--s 00095000 08:11 8652051                    /run/media/liudong/work/mavdepot/org/springframework/spring-beans/5.0.8.RELEASE/spring-beans-5.0.8.RELEASE.jar
7f38d8093000-7f38d809c000 r--s 00051000 08:11 8652035                    /run/media/liudong/work/mavdepot/org/springframework/spring-aop/5.0.8.RELEASE/spring-aop-5.0.8.RELEASE.jar
7f38d809c000-7f38d80b6000 r--s 000f1000 08:11 8652134                    /run/media/liudong/work/mavdepot/org/springframework/spring-context/5.0.8.RELEASE/spring-context-5.0.8.RELEASE.jar
7f38d80b6000-7f38d80bd000 r--s 00042000 08:11 8652028                    /run/media/liudong/work/mavdepot/org/yaml/snakeyaml/1.19/snakeyaml-1.19.jar
7f38d80bd000-7f38d80bf000 r--s 00005000 08:11 8652090                    /run/media/liudong/work/mavdepot/javax/annotation/javax.annotation-api/1.3.2/javax.annotation-api-1.3.2.jar
7f38d80bf000-7f38d80c1000 r--s 00000000 08:11 8652024                    /run/media/liudong/work/mavdepot/org/slf4j/jul-to-slf4j/1.7.25/jul-to-slf4j-1.7.25.jar
7f38d80c1000-7f38d80c7000 r--s 00039000 08:11 8652018                    /run/media/liudong/work/mavdepot/org/apache/logging/log4j/log4j-api/2.10.0/log4j-api-2.10.0.jar
7f38d80c7000-7f38d80c9000 r--s 00003000 08:11 8652016                    /run/media/liudong/work/mavdepot/org/apache/logging/log4j/log4j-to-slf4j/2.10.0/log4j-to-slf4j-2.10.0.jar
7f38d80c9000-7f38d80d4000 r--s 00069000 08:11 8652014                    /run/media/liudong/work/mavdepot/ch/qos/logback/logback-core/1.2.3/logback-core-1.2.3.jar
7f38d80d4000-7f38d80da000 r--s 00041000 08:11 8652010                    /run/media/liudong/work/mavdepot/ch/qos/logback/logback-classic/1.2.3/logback-classic-1.2.3.jar
7f38d80da000-7f38d80db000 r--s 00000000 08:11 8652008                    /run/media/liudong/work/mavdepot/org/springframework/boot/spring-boot-starter-logging/2.0.4.RELEASE/spring-boot-starter-logging-2.0.4.RELEASE.jar
7f38d80db000-7f38d80dc000 r--s 00000000 08:11 8652108                    /run/media/liudong/work/mavdepot/org/springframework/boot/spring-boot-starter/2.0.4.RELEASE/spring-boot-starter-2.0.4.RELEASE.jar
7f38d80dc000-7f38d80f1000 r--s 000ff000 fd:00 68155685                   /usr/java/jdk1.8.0_181-amd64/jre/lib/resources.jar
7f38d80f1000-7f38d8140000 rw-p 00000000 00:00 0 
7f38d8140000-7f38d831a000 r--s 03d23000 fd:00 69027121                   /usr/java/jdk1.8.0_181-amd64/jre/lib/rt.jar
7f38d831a000-7f38da01f000 rw-p 00000000 00:00 0 
7f38da01f000-7f38da020000 ---p 00000000 00:00 0 
7f38da020000-7f38da120000 rw-p 00000000 00:00 0 
7f38da120000-7f38da121000 ---p 00000000 00:00 0 
7f38da121000-7f38da246000 rw-p 00000000 00:00 0 
7f38da246000-7f38da345000 ---p 00000000 00:00 0 
7f38da345000-7f38da36a000 rw-p 00000000 00:00 0 
7f38da36a000-7f38da468000 ---p 00000000 00:00 0 
7f38da468000-7f38da479000 rw-p 00000000 00:00 0 
7f38da479000-7f38da4fa000 ---p 00000000 00:00 0 
7f38da4fa000-7f38da57b000 rw-p 00000000 00:00 0 
7f38da57b000-7f38da8bb000 ---p 00000000 00:00 0 
7f38da8bb000-7f38dc89b000 rwxp 00000000 00:00 0 
7f38dc89b000-7f38e98bb000 ---p 00000000 00:00 0 
7f38e98bb000-7f38e98d6000 r-xp 00000000 fd:00 101372921                  /usr/java/jdk1.8.0_181-amd64/jre/lib/amd64/libzip.so
7f38e98d6000-7f38e9ad6000 ---p 0001b000 fd:00 101372921                  /usr/java/jdk1.8.0_181-amd64/jre/lib/amd64/libzip.so
7f38e9ad6000-7f38e9ad7000 rw-p 0001b000 fd:00 101372921                  /usr/java/jdk1.8.0_181-amd64/jre/lib/amd64/libzip.so
7f38e9ad7000-7f38f0000000 r--p 00000000 fd:00 67177860                   /usr/lib/locale/locale-archive
7f38f0000000-7f38f0b95000 rw-p 00000000 00:00 0 
7f38f0b95000-7f38f4000000 ---p 00000000 00:00 0 
7f38f4000000-7f38f4001000 r--s 00000000 08:11 8652000                    /run/media/liudong/work/mavdepot/org/springframework/boot/spring-boot-starter-cache/2.0.4.RELEASE/spring-boot-starter-cache-2.0.4.RELEASE.jar
7f38f4001000-7f38f4014000 r--s 001a7000 fd:00 68280072                   /usr/java/jdk1.8.0_181-amd64/jre/lib/plugin.jar
7f38f4014000-7f38f4018000 r--s 0009d000 fd:00 68280075                   /usr/java/jdk1.8.0_181-amd64/jre/lib/jsse.jar
7f38f4018000-7f38f401a000 r--s 00007000 fd:00 68155656                   /usr/java/jdk1.8.0_181-amd64/jre/lib/jfxswt.jar
7f38f401a000-7f38f4020000 r--s 0003e000 fd:00 68155655                   /usr/java/jdk1.8.0_181-amd64/jre/lib/jfr.jar
7f38f4020000-7f38f402a000 r--s 000e0000 fd:00 68280073                   /usr/java/jdk1.8.0_181-amd64/jre/lib/javaws.jar
7f38f402a000-7f38f4045000 r--s 004a0000 fd:00 68280074                   /usr/java/jdk1.8.0_181-amd64/jre/lib/deploy.jar
7f38f4045000-7f38f4051000 r-xp 00000000 fd:00 33587968                   /usr/lib64/libnss_files-2.17.so
7f38f4051000-7f38f4250000 ---p 0000c000 fd:00 33587968                   /usr/lib64/libnss_files-2.17.so
7f38f4250000-7f38f4251000 r--p 0000b000 fd:00 33587968                   /usr/lib64/libnss_files-2.17.so
7f38f4251000-7f38f4252000 rw-p 0000c000 fd:00 33587968                   /usr/lib64/libnss_files-2.17.so
7f38f4252000-7f38f4258000 rw-p 00000000 00:00 0 
7f38f4258000-7f38f4262000 r-xp 00000000 fd:00 101345924                  /usr/java/jdk1.8.0_181-amd64/jre/lib/amd64/libinstrument.so
7f38f4262000-7f38f4461000 ---p 0000a000 fd:00 101345924                  /usr/java/jdk1.8.0_181-amd64/jre/lib/amd64/libinstrument.so
7f38f4461000-7f38f4462000 rw-p 00009000 fd:00 101345924                  /usr/java/jdk1.8.0_181-amd64/jre/lib/amd64/libinstrument.so
7f38f4462000-7f38f4464000 r-xp 00000000 fd:00 101372897                  /usr/java/jdk1.8.0_181-amd64/jre/lib/amd64/libnpt.so
7f38f4464000-7f38f4664000 ---p 00002000 fd:00 101372897                  /usr/java/jdk1.8.0_181-amd64/jre/lib/amd64/libnpt.so
7f38f4664000-7f38f4665000 rw-p 00002000 fd:00 101372897                  /usr/java/jdk1.8.0_181-amd64/jre/lib/amd64/libnpt.so
7f38f4665000-7f38f469f000 r-xp 00000000 fd:00 101345937                  /usr/java/jdk1.8.0_181-amd64/jre/lib/amd64/libjdwp.so
7f38f469f000-7f38f489e000 ---p 0003a000 fd:00 101345937                  /usr/java/jdk1.8.0_181-amd64/jre/lib/amd64/libjdwp.so
7f38f489e000-7f38f489f000 rw-p 00039000 fd:00 101345937                  /usr/java/jdk1.8.0_181-amd64/jre/lib/amd64/libjdwp.so
7f38f489f000-7f38f48a0000 rw-p 00000000 00:00 0 
7f38f48a0000-7f38f48cb000 r-xp 00000000 fd:00 101345929                  /usr/java/jdk1.8.0_181-amd64/jre/lib/amd64/libjava.so
7f38f48cb000-7f38f4aca000 ---p 0002b000 fd:00 101345929                  /usr/java/jdk1.8.0_181-amd64/jre/lib/amd64/libjava.so
7f38f4aca000-7f38f4acc000 rw-p 0002a000 fd:00 101345929                  /usr/java/jdk1.8.0_181-amd64/jre/lib/amd64/libjava.so
7f38f4acc000-7f38f4ad9000 r-xp 00000000 fd:00 101372920                  /usr/java/jdk1.8.0_181-amd64/jre/lib/amd64/libverify.so
7f38f4ad9000-7f38f4cd9000 ---p 0000d000 fd:00 101372920                  /usr/java/jdk1.8.0_181-amd64/jre/lib/amd64/libverify.so
7f38f4cd9000-7f38f4cdb000 rw-p 0000d000 fd:00 101372920                  /usr/java/jdk1.8.0_181-amd64/jre/lib/amd64/libverify.so
7f38f4cdb000-7f38f4ce2000 r-xp 00000000 fd:00 33587980                   /usr/lib64/librt-2.17.so
7f38f4ce2000-7f38f4ee1000 ---p 00007000 fd:00 33587980                   /usr/lib64/librt-2.17.so
7f38f4ee1000-7f38f4ee2000 r--p 00006000 fd:00 33587980                   /usr/lib64/librt-2.17.so
7f38f4ee2000-7f38f4ee3000 rw-p 00007000 fd:00 33587980                   /usr/lib64/librt-2.17.so
7f38f4ee3000-7f38f4fe4000 r-xp 00000000 fd:00 33587958                   /usr/lib64/libm-2.17.so
7f38f4fe4000-7f38f51e3000 ---p 00101000 fd:00 33587958                   /usr/lib64/libm-2.17.so
7f38f51e3000-7f38f51e4000 r--p 00100000 fd:00 33587958                   /usr/lib64/libm-2.17.so
7f38f51e4000-7f38f51e5000 rw-p 00101000 fd:00 33587958                   /usr/lib64/libm-2.17.so
7f38f51e5000-7f38f5ec1000 r-xp 00000000 fd:00 33965197                   /usr/java/jdk1.8.0_181-amd64/jre/lib/amd64/server/libjvm.so
7f38f5ec1000-7f38f60c1000 ---p 00cdc000 fd:00 33965197                   /usr/java/jdk1.8.0_181-amd64/jre/lib/amd64/server/libjvm.so
7f38f60c1000-7f38f619b000 rw-p 00cdc000 fd:00 33965197                   /usr/java/jdk1.8.0_181-amd64/jre/lib/amd64/server/libjvm.so
7f38f619b000-7f38f61e6000 rw-p 00000000 00:00 0 
7f38f61e6000-7f38f63a9000 r-xp 00000000 fd:00 33587950                   /usr/lib64/libc-2.17.so
7f38f63a9000-7f38f65a8000 ---p 001c3000 fd:00 33587950                   /usr/lib64/libc-2.17.so
7f38f65a8000-7f38f65ac000 r--p 001c2000 fd:00 33587950                   /usr/lib64/libc-2.17.so
7f38f65ac000-7f38f65ae000 rw-p 001c6000 fd:00 33587950                   /usr/lib64/libc-2.17.so
7f38f65ae000-7f38f65b3000 rw-p 00000000 00:00 0 
7f38f65b3000-7f38f65b5000 r-xp 00000000 fd:00 33587956                   /usr/lib64/libdl-2.17.so
7f38f65b5000-7f38f67b5000 ---p 00002000 fd:00 33587956                   /usr/lib64/libdl-2.17.so
7f38f67b5000-7f38f67b6000 r--p 00002000 fd:00 33587956                   /usr/lib64/libdl-2.17.so
7f38f67b6000-7f38f67b7000 rw-p 00003000 fd:00 33587956                   /usr/lib64/libdl-2.17.so
7f38f67b7000-7f38f67cd000 r-xp 00000000 fd:00 102142202                  /usr/java/jdk1.8.0_181-amd64/lib/amd64/jli/libjli.so
7f38f67cd000-7f38f69cc000 ---p 00016000 fd:00 102142202                  /usr/java/jdk1.8.0_181-amd64/lib/amd64/jli/libjli.so
7f38f69cc000-7f38f69cd000 rw-p 00015000 fd:00 102142202                  /usr/java/jdk1.8.0_181-amd64/lib/amd64/jli/libjli.so
7f38f69cd000-7f38f69e4000 r-xp 00000000 fd:00 33587976                   /usr/lib64/libpthread-2.17.so
7f38f69e4000-7f38f6be3000 ---p 00017000 fd:00 33587976                   /usr/lib64/libpthread-2.17.so
7f38f6be3000-7f38f6be4000 r--p 00016000 fd:00 33587976                   /usr/lib64/libpthread-2.17.so
7f38f6be4000-7f38f6be5000 rw-p 00017000 fd:00 33587976                   /usr/lib64/libpthread-2.17.so
7f38f6be5000-7f38f6be9000 rw-p 00000000 00:00 0 
7f38f6be9000-7f38f6c0b000 r-xp 00000000 fd:00 33587943                   /usr/lib64/ld-2.17.so
7f38f6c0b000-7f38f6c0c000 r--s 00000000 fd:00 68155673                   /usr/java/jdk1.8.0_181-amd64/jre/lib/management-agent.jar
7f38f6c0c000-7f38f6cef000 rw-p 00000000 00:00 0 
7f38f6cef000-7f38f6cf3000 ---p 00000000 00:00 0 
7f38f6cf3000-7f38f6df4000 rw-p 00000000 00:00 0 
7f38f6df4000-7f38f6df7000 r--s 0001a000 fd:00 68155653                   /usr/java/jdk1.8.0_181-amd64/jre/lib/jce.jar
7f38f6df7000-7f38f6dfd000 r--s 002f8000 fd:00 68280076                   /usr/java/jdk1.8.0_181-amd64/jre/lib/charsets.jar
7f38f6dfd000-7f38f6dff000 r--s 00001000 fd:00 101607241                  /usr/local/tools/idea-IC-182.4505.22/lib/rt/debugger-agent-storage.jar
7f38f6dff000-7f38f6e07000 rw-s 00000000 fd:00 69850412                   /tmp/hsperfdata_liudong/5168
7f38f6e07000-7f38f6e08000 rw-p 00000000 00:00 0 
7f38f6e08000-7f38f6e09000 ---p 00000000 00:00 0 
7f38f6e09000-7f38f6e0a000 rw-p 00000000 00:00 0 
7f38f6e0a000-7f38f6e0b000 r--p 00021000 fd:00 33587943                   /usr/lib64/ld-2.17.so
7f38f6e0b000-7f38f6e0c000 rw-p 00022000 fd:00 33587943                   /usr/lib64/ld-2.17.so
7f38f6e0c000-7f38f6e0d000 rw-p 00000000 00:00 0 
7ffcac8bd000-7ffcac8e1000 rw-p 00000000 00:00 0                          [stack]
7ffcac96b000-7ffcac96d000 r-xp 00000000 00:00 0                          [vdso]
ffffffffff600000-ffffffffff601000 r-xp 00000000 00:00 0                  [vsyscall]

VM Arguments:
jvm_args: -agentlib:jdwp=transport=dt_socket,address=127.0.0.1:41273,suspend=y,server=n -javaagent:/usr/local/tools/idea-IC-182.4505.22/lib/rt/debugger-agent.jar=file:/tmp/capture.props -Dfile.encoding=UTF-8 
java_command: com.hengbang.hbcrm.HbcrmApplication
java_class_path (initial): /usr/java/jdk1.8.0_181-amd64/jre/lib/charsets.jar:/usr/java/jdk1.8.0_181-amd64/jre/lib/deploy.jar:/usr/java/jdk1.8.0_181-amd64/jre/lib/ext/cldrdata.jar:/usr/java/jdk1.8.0_181-amd64/jre/lib/ext/dnsns.jar:/usr/java/jdk1.8.0_181-amd64/jre/lib/ext/jaccess.jar:/usr/java/jdk1.8.0_181-amd64/jre/lib/ext/jfxrt.jar:/usr/java/jdk1.8.0_181-amd64/jre/lib/ext/localedata.jar:/usr/java/jdk1.8.0_181-amd64/jre/lib/ext/nashorn.jar:/usr/java/jdk1.8.0_181-amd64/jre/lib/ext/sunec.jar:/usr/java/jdk1.8.0_181-amd64/jre/lib/ext/sunjce_provider.jar:/usr/java/jdk1.8.0_181-amd64/jre/lib/ext/sunpkcs11.jar:/usr/java/jdk1.8.0_181-amd64/jre/lib/ext/zipfs.jar:/usr/java/jdk1.8.0_181-amd64/jre/lib/javaws.jar:/usr/java/jdk1.8.0_181-amd64/jre/lib/jce.jar:/usr/java/jdk1.8.0_181-amd64/jre/lib/jfr.jar:/usr/java/jdk1.8.0_181-amd64/jre/lib/jfxswt.jar:/usr/java/jdk1.8.0_181-amd64/jre/lib/jsse.jar:/usr/java/jdk1.8.0_181-amd64/jre/lib/management-agent.jar:/usr/java/jdk1.8.0_181-amd64/jre/lib/plugin.jar:/usr/java/jdk1.8.0_181-amd64/jre/lib/resources.jar:/usr/java/jdk1.8.0_181-amd64/jre/lib/rt.jar:/usr/local/tools/workSpace/hbcrmOauth/target/classes:/run/media/liudong/work/mavdepot/org/springframework/boot/spring-boot-starter-cache/2.0.4.RELEASE/spring-boot-starter-cache-2.0.4.RELEASE.jar:/run/media/liudong/work/mavdepot/org/springframework/boot/spring-boot-starter/2.0.4.RELEASE/spring-boot-starter-2.0.4.RELEASE.jar:/run/media/liudong/work/mavdepot/org/springframework/boot/spring-boot-starter-logging/2.0.4.RELEASE/spring-boot-starter-logging-2.0.4.RELEASE.jar:/run/media/liudong/work/mavdepot/ch/qos/logback/logback-classic/1.2.3/logback-classic-1.2.3.jar:/run/media/liudong/work/mavdepot/ch/qos/logback/logback-core/1.2.3/logback-core-1.2.3.jar:/run/media/liudong/work/mavdepot/org/apache/logging/log4j/log4j-to-slf4j/2.10.0/log4j-to-slf4j-2.10.0.jar:/run/media/liudong/work/mavdepot/org/apache/logging/log4j/log4j-api/2.10.0/log4j-api-2.10.0.jar:/run/media/liudong/work/mavdepot/org/slf4j/ju
Launcher Type: SUN_STANDARD

Environment Variables:
PATH=/usr/local/bin:/usr/local/sbin:/usr/bin:/usr/sbin:/bin:/sbin:/bin:/usr/local/tools/apache-maven-3.5.4/bin:/home/liudong/.local/bin:/home/liudong/bin
USERNAME=liudong
SHELL=/bin/bash
DISPLAY=:0

Signal Handlers:
SIGSEGV: [libjvm.so+0xad2a40], sa_mask[0]=11111111011111111101111111111110, sa_flags=SA_RESTART|SA_SIGINFO
SIGBUS: [libjvm.so+0xad2a40], sa_mask[0]=11111111011111111101111111111110, sa_flags=SA_RESTART|SA_SIGINFO
SIGFPE: [libjvm.so+0x92a610], sa_mask[0]=11111111011111111101111111111110, sa_flags=SA_RESTART|SA_SIGINFO
SIGPIPE: [libjvm.so+0x92a610], sa_mask[0]=11111111011111111101111111111110, sa_flags=SA_RESTART|SA_SIGINFO
SIGXFSZ: [libjvm.so+0x92a610], sa_mask[0]=11111111011111111101111111111110, sa_flags=SA_RESTART|SA_SIGINFO
SIGILL: [libjvm.so+0x92a610], sa_mask[0]=11111111011111111101111111111110, sa_flags=SA_RESTART|SA_SIGINFO
SIGUSR1: SIG_DFL, sa_mask[0]=00000000000000000000000000000000, sa_flags=none
SIGUSR2: [libjvm.so+0x92be70], sa_mask[0]=00100000000000000000000000000000, sa_flags=SA_RESTART|SA_SIGINFO
SIGHUP: SIG_IGN, sa_mask[0]=00000000000000000000000000000000, sa_flags=none
SIGINT: [libjvm.so+0x92d270], sa_mask[0]=11111111011111111101111111111110, sa_flags=SA_RESTART|SA_SIGINFO
SIGTERM: [libjvm.so+0x92d270], sa_mask[0]=11111111011111111101111111111110, sa_flags=SA_RESTART|SA_SIGINFO
SIGQUIT: [libjvm.so+0x92d270], sa_mask[0]=11111111011111111101111111111110, sa_flags=SA_RESTART|SA_SIGINFO


---------------  S Y S T E M  ---------------

OS:CentOS Linux release 7.5.1804 (Core) 

uname:Linux 3.10.0-862.el7.x86_64 #1 SMP Fri Apr 20 16:44:24 UTC 2018 x86_64
libc:glibc 2.17 NPTL 2.17 
rlimit: STACK 8192k, CORE 0k, NPROC 4096, NOFILE 4096, AS infinity
load average:7.02 2.32 1.32

/proc/meminfo:
MemTotal:        3578076 kB
MemFree:           89560 kB
MemAvailable:          0 kB
Buffers:             204 kB
Cached:           230136 kB
SwapCached:            0 kB
Active:          3051416 kB
Inactive:         228788 kB
Active(anon):    3051120 kB
Inactive(anon):   225048 kB
Active(file):        296 kB
Inactive(file):     3740 kB
Unevictable:           0 kB
Mlocked:               0 kB
SwapTotal:             0 kB
SwapFree:              0 kB
Dirty:                 0 kB
Writeback:             0 kB
AnonPages:       3050204 kB
Mapped:            57584 kB
Shmem:            225972 kB
Slab:              89880 kB
SReclaimable:      32840 kB
SUnreclaim:        57040 kB
KernelStack:       11136 kB
PageTables:        53160 kB
NFS_Unstable:          0 kB
Bounce:                0 kB
WritebackTmp:          0 kB
CommitLimit:     1789036 kB
Committed_AS:    7184664 kB
VmallocTotal:   34359738367 kB
VmallocUsed:      348056 kB
VmallocChunk:   34358947836 kB
HardwareCorrupted:     0 kB
AnonHugePages:    950272 kB
CmaTotal:              0 kB
CmaFree:               0 kB
HugePages_Total:       0
HugePages_Free:        0
HugePages_Rsvd:        0
HugePages_Surp:        0
Hugepagesize:       2048 kB
DirectMap4k:      126884 kB
DirectMap2M:     2711552 kB
DirectMap1G:     1048576 kB


CPU:total 2 (initial active 2) (2 cores per cpu, 1 threads per core) family 6 model 60 stepping 3, cmov, cx8, fxsr, mmx, sse, sse2, sse3, ssse3, sse4.1, sse4.2, popcnt, clmul, erms, lzcnt, tsc, tscinvbit

/proc/cpuinfo:
processor	: 0
vendor_id	: GenuineIntel
cpu family	: 6
model		: 60
model name	: Intel(R) Celeron(R) CPU G1840 @ 2.80GHz
stepping	: 3
microcode	: 0x22
cpu MHz		: 2799.829
cache size	: 2048 KB
physical id	: 0
siblings	: 2
core id		: 0
cpu cores	: 2
apicid		: 0
initial apicid	: 0
fpu		: yes
fpu_exception	: yes
cpuid level	: 13
wp		: yes
flags		: fpu vme de pse tsc msr pae mce cx8 apic sep mtrr pge mca cmov pat pse36 clflush dts acpi mmx fxsr sse sse2 ss ht tm pbe syscall nx pdpe1gb rdtscp lm constant_tsc arch_perfmon pebs bts rep_good nopl xtopology nonstop_tsc aperfmperf eagerfpu pni pclmulqdq dtes64 monitor ds_cpl vmx est tm2 ssse3 sdbg cx16 xtpr pdcm pcid sse4_1 sse4_2 movbe popcnt tsc_deadline_timer xsave rdrand lahf_lm abm epb tpr_shadow vnmi flexpriority ept vpid fsgsbase tsc_adjust erms invpcid xsaveopt dtherm arat pln pts
bogomips	: 5587.02
clflush size	: 64
cache_alignment	: 64
address sizes	: 39 bits physical, 48 bits virtual
power management:

processor	: 1
vendor_id	: GenuineIntel
cpu family	: 6
model		: 60
model name	: Intel(R) Celeron(R) CPU G1840 @ 2.80GHz
stepping	: 3
microcode	: 0x22
cpu MHz		: 2800.000
cache size	: 2048 KB
physical id	: 0
siblings	: 2
core id		: 1
cpu cores	: 2
apicid		: 2
initial apicid	: 2
fpu		: yes
fpu_exception	: yes
cpuid level	: 13
wp		: yes
flags		: fpu vme de pse tsc msr pae mce cx8 apic sep mtrr pge mca cmov pat pse36 clflush dts acpi mmx fxsr sse sse2 ss ht tm pbe syscall nx pdpe1gb rdtscp lm constant_tsc arch_perfmon pebs bts rep_good nopl xtopology nonstop_tsc aperfmperf eagerfpu pni pclmulqdq dtes64 monitor ds_cpl vmx est tm2 ssse3 sdbg cx16 xtpr pdcm pcid sse4_1 sse4_2 movbe popcnt tsc_deadline_timer xsave rdrand lahf_lm abm epb tpr_shadow vnmi flexpriority ept vpid fsgsbase tsc_adjust erms invpcid xsaveopt dtherm arat pln pts
bogomips	: 5587.02
clflush size	: 64
cache_alignment	: 64
address sizes	: 39 bits physical, 48 bits virtual
power management:



Memory: 4k page, physical 3578076k(89312k free), swap 0k(0k free)

vm_info: Java HotSpot(TM) 64-Bit Server VM (25.181-b13) for linux-amd64 JRE (1.8.0_181-b13), built on Jul  7 2018 00:56:38 by "java_re" with gcc 4.3.0 20080428 (Red Hat 4.3.0-8)

time: Thu Sep 27 17:09:24 2018
elapsed time: 5924 seconds (0d 1h 38m 44s)

