#
# There is insufficient memory for the Java Runtime Environment to continue.
# Native memory allocation (mmap) failed to map 31981568 bytes for committing reserved memory.
# Possible reasons:
#   The system is out of physical RAM or swap space
#   In 32 bit mode, the process size limit was hit
# Possible solutions:
#   Reduce memory load on the system
#   Increase physical memory or swap space
#   Check if swap backing store is full
#   Use 64 bit Java on a 64 bit OS
#   Decrease Java heap size (-Xmx/-Xms)
#   Decrease number of Java threads
#   Decrease Java thread stack sizes (-Xss)
#   Set larger code cache with -XX:ReservedCodeCacheSize=
# This output file may be truncated or incomplete.
#
#  Out of Memory Error (os_linux.cpp:2640), pid=14069, tid=0x00007f8574e85700
#
# JRE version: Java(TM) SE Runtime Environment (8.0_181-b13) (build 1.8.0_181-b13)
# Java VM: Java HotSpot(TM) 64-Bit Server VM (25.181-b13 mixed mode linux-amd64 compressed oops)
# Failed to write core dump. Core dumps have been disabled. To enable core dumping, try "ulimit -c unlimited" before starting Java again
#

---------------  T H R E A D  ---------------

Current thread (0x00007f858c103000):  VMThread [stack: 0x00007f8574d86000,0x00007f8574e86000] [id=14076]

Stack: [0x00007f8574d86000,0x00007f8574e86000],  sp=0x00007f8574e83f60,  free space=1015k
Native frames: (J=compiled Java code, j=interpreted, Vv=VM code, C=native code)
V  [libjvm.so+0xad21aa]  VMError::report_and_die()+0x2ba
V  [libjvm.so+0x5022db]  report_vm_out_of_memory(char const*, int, unsigned long, VMErrorType, char const*)+0x8b
V  [libjvm.so+0x92fe33]  os::Linux::commit_memory_impl(char*, unsigned long, bool)+0x123
V  [libjvm.so+0x930059]  os::pd_commit_memory(char*, unsigned long, unsigned long, bool)+0x29
V  [libjvm.so+0x9272ba]  os::commit_memory(char*, unsigned long, unsigned long, bool)+0x2a
V  [libjvm.so+0x99d2e3]  PSVirtualSpace::expand_by(unsigned long)+0x53
V  [libjvm.so+0x99e6e8]  PSYoungGen::resize_generation(unsigned long, unsigned long)+0xf8
V  [libjvm.so+0x99d842]  PSYoungGen::resize(unsigned long, unsigned long)+0x22
V  [libjvm.so+0x99ab1b]  PSScavenge::invoke_no_policy()+0xf3b
V  [libjvm.so+0x99b2a1]  PSScavenge::invoke()+0x41
V  [libjvm.so+0x951d70]  ParallelScavengeHeap::failed_mem_allocate(unsigned long)+0x70
V  [libjvm.so+0xad3c27]  VM_ParallelGCFailedAllocation::doit()+0x97
V  [libjvm.so+0xadb745]  VM_Operation::evaluate()+0x55
V  [libjvm.so+0xad9b0a]  VMThread::evaluate_operation(VM_Operation*)+0xba
V  [libjvm.so+0xad9e8e]  VMThread::loop()+0x1ce
V  [libjvm.so+0xada300]  VMThread::run()+0x70
V  [libjvm.so+0x930198]  java_start(Thread*)+0x108

VM_Operation (0x00007f853b7fc250): ParallelGCFailedAllocation, mode: safepoint, requested by thread 0x0000000003385800


---------------  P R O C E S S  ---------------

Java Threads: ( => current thread )
  0x00007f85702bf800 JavaThread "HikariPool-1 housekeeper" daemon [_thread_blocked, id=14173, stack(0x00007f854c02e000,0x00007f854c12f000)]
  0x00007f858c012000 JavaThread "DestroyJavaVM" [_thread_blocked, id=14070, stack(0x00007f8594c36000,0x00007f8594d36000)]
  0x00000000033f3000 JavaThread "http-nio-9002-AsyncTimeout" daemon [_thread_blocked, id=14137, stack(0x00007f853a3ec000,0x00007f853a4ed000)]
  0x00000000033f1000 JavaThread "http-nio-9002-Acceptor-0" daemon [_thread_in_native, id=14136, stack(0x00007f853a4ed000,0x00007f853a5ee000)]
  0x00000000033ee800 JavaThread "http-nio-9002-ClientPoller-1" daemon [_thread_in_native, id=14135, stack(0x00007f853a5ee000,0x00007f853a6ef000)]
  0x00000000033e1000 JavaThread "http-nio-9002-ClientPoller-0" daemon [_thread_in_native, id=14134, stack(0x00007f853a6ef000,0x00007f853a7f0000)]
  0x00000000033d0000 JavaThread "http-nio-9002-exec-10" daemon [_thread_blocked, id=14133, stack(0x00007f853a7f0000,0x00007f853a8f1000)]
  0x00000000033ce000 JavaThread "http-nio-9002-exec-9" daemon [_thread_blocked, id=14132, stack(0x00007f853a8f1000,0x00007f853a9f2000)]
  0x00000000033cc000 JavaThread "http-nio-9002-exec-8" daemon [_thread_blocked, id=14131, stack(0x00007f853a9f2000,0x00007f853aaf3000)]
  0x00000000033ca000 JavaThread "http-nio-9002-exec-7" daemon [_thread_blocked, id=14130, stack(0x00007f853aaf3000,0x00007f853abf4000)]
  0x00000000033c8000 JavaThread "http-nio-9002-exec-6" daemon [_thread_blocked, id=14129, stack(0x00007f853abf4000,0x00007f853acf5000)]
  0x00000000033c5800 JavaThread "http-nio-9002-exec-5" daemon [_thread_blocked, id=14128, stack(0x00007f853acf5000,0x00007f853adf6000)]
  0x00000000033c3800 JavaThread "http-nio-9002-exec-4" daemon [_thread_blocked, id=14127, stack(0x00007f853adf6000,0x00007f853aef7000)]
  0x00000000033c1800 JavaThread "http-nio-9002-exec-3" daemon [_thread_blocked, id=14126, stack(0x00007f853aef7000,0x00007f853aff8000)]
  0x00000000033bf800 JavaThread "http-nio-9002-exec-2" daemon [_thread_blocked, id=14125, stack(0x00007f853aff8000,0x00007f853b0f9000)]
  0x00000000033bd000 JavaThread "http-nio-9002-exec-1" daemon [_thread_blocked, id=14124, stack(0x00007f853b0f9000,0x00007f853b1fa000)]
  0x00000000033a5800 JavaThread "NioBlockingSelector.BlockPoller-1" daemon [_thread_in_native, id=14123, stack(0x00007f853b1fa000,0x00007f853b2fb000)]
  0x00000000033a4800 JavaThread "pool-1-thread-1" [_thread_blocked, id=14122, stack(0x00007f853b3fc000,0x00007f853b4fd000)]
  0x000000000338e000 JavaThread "Live Reload Server" daemon [_thread_in_native, id=14121, stack(0x00007f853b2fb000,0x00007f853b3fc000)]
  0x0000000003385800 JavaThread "File Watcher" daemon [_thread_blocked, id=14119, stack(0x00007f853b6fd000,0x00007f853b7fe000)]
  0x0000000002ff5000 JavaThread "container-0" [_thread_blocked, id=14116, stack(0x00007f853b9fe000,0x00007f853baff000)]
  0x00000000030de800 JavaThread "ContainerBackgroundProcessor[StandardEngine[Tomcat]]" daemon [_thread_blocked, id=14115, stack(0x00007f853baff000,0x00007f853bc00000)]
  0x0000000002f8c800 JavaThread "Abandoned connection cleanup thread" daemon [_thread_blocked, id=14109, stack(0x00007f854fafb000,0x00007f854fbfc000)]
  0x00007f858c606000 JavaThread "Service Thread" daemon [_thread_blocked, id=14091, stack(0x00007f854feff000,0x00007f8550000000)]
  0x00007f858c602000 JavaThread "C1 CompilerThread1" daemon [_thread_blocked, id=14090, stack(0x00007f85740d0000,0x00007f85741d0000)]
  0x00007f858c5fb000 JavaThread "C2 CompilerThread0" daemon [_thread_blocked, id=14089, stack(0x00007f85741d1000,0x00007f85742d1000)]
  0x00007f855c001000 JavaThread "JDWP Command Reader" daemon [_thread_in_native, id=14088, stack(0x00007f857457b000,0x00007f857467c000)]
  0x00007f858c154000 JavaThread "JDWP Event Helper Thread" daemon [_thread_blocked, id=14087, stack(0x00007f857467c000,0x00007f857477d000)]
  0x00007f858c150000 JavaThread "JDWP Transport Listener: dt_socket" daemon [_thread_blocked, id=14084, stack(0x00007f857477d000,0x00007f857487e000)]
  0x00007f858c141800 JavaThread "Signal Dispatcher" daemon [_thread_blocked, id=14083, stack(0x00007f8574a82000,0x00007f8574b83000)]
  0x00007f858c10f800 JavaThread "Finalizer" daemon [_thread_blocked, id=14078, stack(0x00007f8574b83000,0x00007f8574c84000)]
  0x00007f858c10b000 JavaThread "Reference Handler" daemon [_thread_blocked, id=14077, stack(0x00007f8574c84000,0x00007f8574d85000)]

Other Threads:
=>0x00007f858c103000 VMThread [stack: 0x00007f8574d86000,0x00007f8574e86000] [id=14076]
  0x00007f858c60b000 WatcherThread [stack: 0x00007f854fdff000,0x00007f854feff000] [id=14092]

VM state:at safepoint (normal execution)

VM Mutex/Monitor currently owned by a thread:  ([mutex/lock_event])
[0x00007f858c00f710] Threads_lock - owner thread: 0x00007f858c103000
[0x00007f858c00fc10] Heap_lock - owner thread: 0x0000000003385800

Heap:
 PSYoungGen      total 220672K, used 7042K [0x00000000edd00000, 0x00000000fc280000, 0x0000000100000000)
  eden space 209920K, 0% used [0x00000000edd00000,0x00000000edd00000,0x00000000faa00000)
  from space 10752K, 65% used [0x00000000faa00000,0x00000000fb0e0ab0,0x00000000fb480000)
  to   space 10752K, 0% used [0x00000000fb480000,0x00000000fb480000,0x00000000fbf00000)
 ParOldGen       total 47104K, used 31816K [0x00000000c9600000, 0x00000000cc400000, 0x00000000edd00000)
  object space 47104K, 67% used [0x00000000c9600000,0x00000000cb512208,0x00000000cc400000)
 Metaspace       used 48958K, capacity 50926K, committed 51072K, reserved 1093632K
  class space    used 6102K, capacity 6455K, committed 6528K, reserved 1048576K

Card table byte_map: [0x00007f85917f9000,0x00007f85919af000] byte_map_base: 0x00007f85911ae000

Marking Bits: (ParMarkBitMap*) 0x00007f85940ff0a0
 Begin Bits: [0x00007f8574f87000, 0x00007f8575d2f000)
 End Bits:   [0x00007f8575d2f000, 0x00007f8576ad7000)

Polling page: 0x00007f8594d4e000

CodeCache: size=245760Kb used=15201Kb max_used=15356Kb free=230558Kb
 bounds [0x00007f8576ad7000, 0x00007f8577a07000, 0x00007f8585ad7000]
 total_blobs=5293 nmethods=4794 adapters=421
 compilation: enabled

Compilation events (10 events):
Event: 137.028 Thread 0x00007f858c602000 5582       3       org.springframework.boot.devtools.filewatch.FolderSnapshot::filter (72 bytes)
Event: 137.337 Thread 0x00007f858c602000 nmethod 5582 0x00007f8577325550 code [0x00007f85773257a0, 0x00007f85773263f8]
Event: 139.419 Thread 0x00007f858c602000 5583       3       sun.nio.ch.SelectorImpl::select (34 bytes)
Event: 140.253 Thread 0x00007f858c602000 nmethod 5583 0x00007f8577655c10 code [0x00007f8577655da0, 0x00007f85776560b8]
Event: 140.258 Thread 0x00007f858c602000 5585   !   3       sun.nio.ch.EPollSelectorImpl::doSelect (124 bytes)
Event: 140.269 Thread 0x00007f858c602000 nmethod 5585 0x00007f8576bf8290 code [0x00007f8576bf8540, 0x00007f8576bf9968]
Event: 140.269 Thread 0x00007f858c602000 5584   !   3       sun.nio.ch.SelectorImpl::lockAndDoSelect (72 bytes)
Event: 140.270 Thread 0x00007f858c602000 nmethod 5584 0x00007f85776c8a50 code [0x00007f85776c8c20, 0x00007f85776c9658]
Event: 140.692 Thread 0x00007f858c602000 5586   !   3       sun.nio.ch.EPollArrayWrapper::updateRegistrations (156 bytes)
Event: 140.743 Thread 0x00007f858c602000 nmethod 5586 0x00007f8577324610 code [0x00007f8577324800, 0x00007f8577325028]

GC Heap History (10 events):
Event: 9.364 GC heap after
Heap after GC invocations=14 (full 1):
 PSYoungGen      total 128512K, used 2599K [0x00000000edd00000, 0x00000000f9380000, 0x0000000100000000)
  eden space 120320K, 0% used [0x00000000edd00000,0x00000000edd00000,0x00000000f5280000)
  from space 8192K, 31% used [0x00000000f5280000,0x00000000f5509ef0,0x00000000f5a80000)
  to   space 8192K, 0% used [0x00000000f8b80000,0x00000000f8b80000,0x00000000f9380000)
 ParOldGen       total 25600K, used 15148K [0x00000000c9600000, 0x00000000caf00000, 0x00000000edd00000)
  object space 25600K, 59% used [0x00000000c9600000,0x00000000ca4cb380,0x00000000caf00000)
 Metaspace       used 34294K, capacity 35374K, committed 35416K, reserved 1081344K
  class space    used 4338K, capacity 4599K, committed 4608K, reserved 1048576K
}
Event: 9.364 GC heap before
{Heap before GC invocations=15 (full 2):
 PSYoungGen      total 128512K, used 2599K [0x00000000edd00000, 0x00000000f9380000, 0x0000000100000000)
  eden space 120320K, 0% used [0x00000000edd00000,0x00000000edd00000,0x00000000f5280000)
  from space 8192K, 31% used [0x00000000f5280000,0x00000000f5509ef0,0x00000000f5a80000)
  to   space 8192K, 0% used [0x00000000f8b80000,0x00000000f8b80000,0x00000000f9380000)
 ParOldGen       total 25600K, used 15148K [0x00000000c9600000, 0x00000000caf00000, 0x00000000edd00000)
  object space 25600K, 59% used [0x00000000c9600000,0x00000000ca4cb380,0x00000000caf00000)
 Metaspace       used 34294K, capacity 35374K, committed 35416K, reserved 1081344K
  class space    used 4338K, capacity 4599K, committed 4608K, reserved 1048576K
Event: 9.474 GC heap after
Heap after GC invocations=15 (full 2):
 PSYoungGen      total 128512K, used 0K [0x00000000edd00000, 0x00000000f9380000, 0x0000000100000000)
  eden space 120320K, 0% used [0x00000000edd00000,0x00000000edd00000,0x00000000f5280000)
  from space 8192K, 0% used [0x00000000f5280000,0x00000000f5280000,0x00000000f5a80000)
  to   space 8192K, 0% used [0x00000000f8b80000,0x00000000f8b80000,0x00000000f9380000)
 ParOldGen       total 47104K, used 16251K [0x00000000c9600000, 0x00000000cc400000, 0x00000000edd00000)
  object space 47104K, 34% used [0x00000000c9600000,0x00000000ca5dee20,0x00000000cc400000)
 Metaspace       used 34287K, capacity 35362K, committed 35416K, reserved 1081344K
  class space    used 4337K, capacity 4597K, committed 4608K, reserved 1048576K
}
Event: 11.686 GC heap before
{Heap before GC invocations=16 (full 2):
 PSYoungGen      total 128512K, used 120320K [0x00000000edd00000, 0x00000000f9380000, 0x0000000100000000)
  eden space 120320K, 100% used [0x00000000edd00000,0x00000000f5280000,0x00000000f5280000)
  from space 8192K, 0% used [0x00000000f5280000,0x00000000f5280000,0x00000000f5a80000)
  to   space 8192K, 0% used [0x00000000f8b80000,0x00000000f8b80000,0x00000000f9380000)
 ParOldGen       total 47104K, used 16251K [0x00000000c9600000, 0x00000000cc400000, 0x00000000edd00000)
  object space 47104K, 34% used [0x00000000c9600000,0x00000000ca5dee20,0x00000000cc400000)
 Metaspace       used 38927K, capacity 40484K, committed 40704K, reserved 1085440K
  class space    used 4940K, capacity 5252K, committed 5376K, reserved 1048576K
Event: 11.700 GC heap after
Heap after GC invocations=16 (full 2):
 PSYoungGen      total 167424K, used 8181K [0x00000000edd00000, 0x00000000f9380000, 0x0000000100000000)
  eden space 159232K, 0% used [0x00000000edd00000,0x00000000edd00000,0x00000000f7880000)
  from space 8192K, 99% used [0x00000000f8b80000,0x00000000f937d628,0x00000000f9380000)
  to   space 10240K, 0% used [0x00000000f7f80000,0x00000000f7f80000,0x00000000f8980000)
 ParOldGen       total 47104K, used 18727K [0x00000000c9600000, 0x00000000cc400000, 0x00000000edd00000)
  object space 47104K, 39% used [0x00000000c9600000,0x00000000ca849e88,0x00000000cc400000)
 Metaspace       used 38927K, capacity 40484K, committed 40704K, reserved 1085440K
  class space    used 4940K, capacity 5252K, committed 5376K, reserved 1048576K
}
Event: 13.685 GC heap before
{Heap before GC invocations=17 (full 2):
 PSYoungGen      total 167424K, used 167413K [0x00000000edd00000, 0x00000000f9380000, 0x0000000100000000)
  eden space 159232K, 100% used [0x00000000edd00000,0x00000000f7880000,0x00000000f7880000)
  from space 8192K, 99% used [0x00000000f8b80000,0x00000000f937d628,0x00000000f9380000)
  to   space 10240K, 0% used [0x00000000f7f80000,0x00000000f7f80000,0x00000000f8980000)
 ParOldGen       total 47104K, used 18727K [0x00000000c9600000, 0x00000000cc400000, 0x00000000edd00000)
  object space 47104K, 39% used [0x00000000c9600000,0x00000000ca849e88,0x00000000cc400000)
 Metaspace       used 41940K, capacity 43710K, committed 43776K, reserved 1087488K
  class space    used 5282K, capacity 5603K, committed 5632K, reserved 1048576K
Event: 13.717 GC heap after
Heap after GC invocations=17 (full 2):
 PSYoungGen      total 176640K, used 7880K [0x00000000edd00000, 0x00000000fbf00000, 0x0000000100000000)
  eden space 166400K, 0% used [0x00000000edd00000,0x00000000edd00000,0x00000000f7f80000)
  from space 10240K, 76% used [0x00000000f7f80000,0x00000000f87320a8,0x00000000f8980000)
  to   space 10752K, 0% used [0x00000000fb480000,0x00000000fb480000,0x00000000fbf00000)
 ParOldGen       total 47104K, used 26360K [0x00000000c9600000, 0x00000000cc400000, 0x00000000edd00000)
  object space 47104K, 55% used [0x00000000c9600000,0x00000000cafbe1f8,0x00000000cc400000)
 Metaspace       used 41940K, capacity 43710K, committed 43776K, reserved 1087488K
  class space    used 5282K, capacity 5603K, committed 5632K, reserved 1048576K
}
Event: 32.556 GC heap before
{Heap before GC invocations=18 (full 2):
 PSYoungGen      total 176640K, used 174280K [0x00000000edd00000, 0x00000000fbf00000, 0x0000000100000000)
  eden space 166400K, 100% used [0x00000000edd00000,0x00000000f7f80000,0x00000000f7f80000)
  from space 10240K, 76% used [0x00000000f7f80000,0x00000000f87320a8,0x00000000f8980000)
  to   space 10752K, 0% used [0x00000000fb480000,0x00000000fb480000,0x00000000fbf00000)
 ParOldGen       total 47104K, used 26360K [0x00000000c9600000, 0x00000000cc400000, 0x00000000edd00000)
  object space 47104K, 55% used [0x00000000c9600000,0x00000000cafbe1f8,0x00000000cc400000)
 Metaspace       used 45841K, capacity 47862K, committed 48000K, reserved 1091584K
  class space    used 5803K, capacity 6161K, committed 6272K, reserved 1048576K
Event: 32.612 GC heap after
Heap after GC invocations=18 (full 2):
 PSYoungGen      total 220672K, used 6648K [0x00000000edd00000, 0x00000000fc280000, 0x0000000100000000)
  eden space 209920K, 0% used [0x00000000edd00000,0x00000000edd00000,0x00000000faa00000)
  from space 10752K, 61% used [0x00000000fb480000,0x00000000fbafe140,0x00000000fbf00000)
  to   space 10752K, 0% used [0x00000000faa00000,0x00000000faa00000,0x00000000fb480000)
 ParOldGen       total 47104K, used 31808K [0x00000000c9600000, 0x00000000cc400000, 0x00000000edd00000)
  object space 47104K, 67% used [0x00000000c9600000,0x00000000cb510208,0x00000000cc400000)
 Metaspace       used 45841K, capacity 47862K, committed 48000K, reserved 1091584K
  class space    used 5803K, capacity 6161K, committed 6272K, reserved 1048576K
}
Event: 156.571 GC heap before
{Heap before GC invocations=19 (full 2):
 PSYoungGen      total 220672K, used 216568K [0x00000000edd00000, 0x00000000fc280000, 0x0000000100000000)
  eden space 209920K, 100% used [0x00000000edd00000,0x00000000faa00000,0x00000000faa00000)
  from space 10752K, 61% used [0x00000000fb480000,0x00000000fbafe140,0x00000000fbf00000)
  to   space 10752K, 0% used [0x00000000faa00000,0x00000000faa00000,0x00000000fb480000)
 ParOldGen       total 47104K, used 31808K [0x00000000c9600000, 0x00000000cc400000, 0x00000000edd00000)
  object space 47104K, 67% used [0x00000000c9600000,0x00000000cb510208,0x00000000cc400000)
 Metaspace       used 48958K, capacity 50926K, committed 51072K, reserved 1093632K
  class space    used 6102K, capacity 6455K, committed 6528K, reserved 1048576K

Deoptimization events (10 events):
Event: 14.450 Thread 0x00007f8534004800 Uncommon trap: reason=unstable_if action=reinterpret pc=0x00007f85776c901c method=java.lang.Class$MethodArray.addIfNotPresent(Ljava/lang/reflect/Method;)V @ 19
Event: 14.687 Thread 0x00007f8534004800 Uncommon trap: reason=bimorphic action=maybe_recompile pc=0x00007f8577733fa8 method=java.util.Hashtable.get(Ljava/lang/Object;)Ljava/lang/Object; @ 6
Event: 14.687 Thread 0x00007f8534004800 Uncommon trap: reason=bimorphic action=maybe_recompile pc=0x00007f8577733fa8 method=java.util.Hashtable.get(Ljava/lang/Object;)Ljava/lang/Object; @ 6
Event: 14.711 Thread 0x00007f8534004800 Uncommon trap: reason=unstable_if action=reinterpret pc=0x00007f8577325244 method=org.springframework.util.ConcurrentReferenceHashMap$Segment.restructureIfNecessary(Z)V @ 33
Event: 26.196 Thread 0x00000000033bd000 Uncommon trap: reason=unstable_if action=reinterpret pc=0x00007f8577742360 method=java.util.concurrent.ConcurrentHashMap.isEmpty()Z @ 6
Event: 26.542 Thread 0x00000000033bd000 Uncommon trap: reason=bimorphic action=maybe_recompile pc=0x00007f8576cde734 method=java.util.AbstractList$Itr.next()Ljava/lang/Object; @ 14
Event: 56.745 Thread 0x00000000033bf800 Uncommon trap: reason=unstable_if action=reinterpret pc=0x00007f85773f2cb4 method=org.springframework.util.ConcurrentReferenceHashMap$Segment.findInChain(Lorg/springframework/util/ConcurrentReferenceHashMap$Reference;Ljava/lang/Object;I)Lorg/springframewo
Event: 57.894 Thread 0x00000000033bf800 Uncommon trap: reason=unstable_if action=reinterpret pc=0x00007f8576fe7fa4 method=java.util.Properties$LineReader.readLine()I @ 174
Event: 64.046 Thread 0x00000000033bf800 Uncommon trap: reason=unstable_if action=reinterpret pc=0x00007f85779f19d4 method=java.lang.ClassLoader.checkCerts(Ljava/lang/String;Ljava/security/CodeSource;)V @ 29
Event: 106.098 Thread 0x00000000033bf800 Uncommon trap: reason=bimorphic action=maybe_recompile pc=0x00007f8576cde734 method=java.util.AbstractList$Itr.next()Ljava/lang/Object; @ 14

Classes redefined (0 events):
No events

Internal exceptions (10 events):
Event: 26.480 Thread 0x00000000033bd000 Exception <a 'java/lang/ClassNotFoundException': org/hibernate/validator/internal/constraintvalidators/bv/size/SizeValidatorForCharSequenceCustomizer> (0x00000000f64a2fc0) thrown at [/HUDSON/workspace/8-2-build-linux-amd64/jdk8u181/11358/hotspot/src/share
Event: 26.481 Thread 0x00000000033bd000 Exception <a 'java/lang/ClassNotFoundException': javax/validation/ConstraintValidatorCustomizer> (0x00000000f64c3530) thrown at [/HUDSON/workspace/8-2-build-linux-amd64/jdk8u181/11358/hotspot/src/share/vm/classfile/systemDictionary.cpp, line 210]
Event: 26.485 Thread 0x00000000033bd000 Exception <a 'java/lang/ClassNotFoundException': java/lang/ObjectCustomizer> (0x00000000f6525af8) thrown at [/HUDSON/workspace/8-2-build-linux-amd64/jdk8u181/11358/hotspot/src/share/vm/classfile/systemDictionary.cpp, line 210]
Event: 26.486 Thread 0x00000000033bd000 Exception <a 'java/lang/ClassNotFoundException': org/hibernate/validator/internal/constraintvalidators/bv/NotBlankValidatorCustomizer> (0x00000000f6552d60) thrown at [/HUDSON/workspace/8-2-build-linux-amd64/jdk8u181/11358/hotspot/src/share/vm/classfile/sy
Event: 26.487 Thread 0x00000000033bd000 Exception <a 'java/lang/ClassNotFoundException': javax/validation/ConstraintValidatorCustomizer> (0x00000000f6571d00) thrown at [/HUDSON/workspace/8-2-build-linux-amd64/jdk8u181/11358/hotspot/src/share/vm/classfile/systemDictionary.cpp, line 210]
Event: 26.496 Thread 0x00000000033bd000 Exception <a 'java/lang/ClassNotFoundException': java/lang/ObjectCustomizer> (0x00000000f661d4b0) thrown at [/HUDSON/workspace/8-2-build-linux-amd64/jdk8u181/11358/hotspot/src/share/vm/classfile/systemDictionary.cpp, line 210]
Event: 26.497 Thread 0x00000000033bd000 Exception <a 'java/lang/ClassNotFoundException': com/hengbang/hbcrm/hb/account/model/AccountModelCustomizer> (0x00000000f6642318) thrown at [/HUDSON/workspace/8-2-build-linux-amd64/jdk8u181/11358/hotspot/src/share/vm/classfile/systemDictionary.cpp, line 2
Event: 26.498 Thread 0x00000000033bd000 Exception <a 'java/lang/ClassNotFoundException': com/hengbang/hbcrm/hb/login/model/LoginModelCustomizer> (0x00000000f66805c8) thrown at [/HUDSON/workspace/8-2-build-linux-amd64/jdk8u181/11358/hotspot/src/share/vm/classfile/systemDictionary.cpp, line 210]
Event: 26.697 Thread 0x00000000033bd000 Exception <a 'java/lang/NoSuchMethodError': java.lang.Object.lambda$thenComparing$36697e65$1(Ljava/util/Comparator;Ljava/lang/Object;Ljava/lang/Object;)I> (0x00000000f6cd4358) thrown at [/HUDSON/workspace/8-2-build-linux-amd64/jdk8u181/11358/hotspot/src/s
Event: 64.046 Thread 0x00000000033bf800 Implicit null exception at 0x00007f85779ec00b to 0x00007f85779f19a9

Events (10 events):
Event: 108.367 Executing VM operation: RevokeBias
Event: 108.374 Executing VM operation: RevokeBias done
Event: 108.375 Thread 0x00007f8560007800 Thread exited: 0x00007f8560007800
Event: 132.326 Thread 0x00007f858c602000 flushing nmethod 0x00007f8577655910
Event: 137.341 Thread 0x00007f858c602000 flushing nmethod 0x00007f85777420d0
Event: 140.257 Thread 0x00007f858c602000 flushing nmethod 0x00007f85778d0610
Event: 140.257 Thread 0x00007f858c602000 flushing nmethod 0x00007f85778ea710
Event: 140.257 Thread 0x00007f858c602000 flushing nmethod 0x00007f8577917650
Event: 140.257 Thread 0x00007f858c602000 flushing nmethod 0x00007f8577918bd0
Event: 156.561 Executing VM operation: ParallelGCFailedAllocation


Dynamic libraries:
00400000-00401000 r-xp 00000000 fd:00 34659799                           /usr/java/jdk1.8.0_181-amd64/bin/java
00600000-00601000 rw-p 00000000 fd:00 34659799                           /usr/java/jdk1.8.0_181-amd64/bin/java
023ed000-0340f000 rw-p 00000000 00:00 0                                  [heap]
c9600000-cc400000 rw-p 00000000 00:00 0 
cc400000-edd00000 ---p 00000000 00:00 0 
edd00000-fc280000 rw-p 00000000 00:00 0 
fe100000-100000000 ---p 00000000 00:00 0 
100000000-100660000 rw-p 00000000 00:00 0 
100660000-140000000 ---p 00000000 00:00 0 
7f8534000000-7f85343f1000 rw-p 00000000 00:00 0 
7f85343f1000-7f8538000000 ---p 00000000 00:00 0 
7f8539fec000-7f853a16c000 rw-p 00000000 00:00 0 
7f853a16c000-7f853a1ec000 ---p 00000000 00:00 0 
7f853a1ec000-7f853a3ec000 rw-p 00000000 00:00 0 
7f853a3ec000-7f853a3ef000 ---p 00000000 00:00 0 
7f853a3ef000-7f853a4ed000 rw-p 00000000 00:00 0 
7f853a4ed000-7f853a4f0000 ---p 00000000 00:00 0 
7f853a4f0000-7f853a5ee000 rw-p 00000000 00:00 0 
7f853a5ee000-7f853a5f1000 ---p 00000000 00:00 0 
7f853a5f1000-7f853a6ef000 rw-p 00000000 00:00 0 
7f853a6ef000-7f853a6f2000 ---p 00000000 00:00 0 
7f853a6f2000-7f853a7f0000 rw-p 00000000 00:00 0 
7f853a7f0000-7f853a7f3000 ---p 00000000 00:00 0 
7f853a7f3000-7f853a8f1000 rw-p 00000000 00:00 0 
7f853a8f1000-7f853a8f4000 ---p 00000000 00:00 0 
7f853a8f4000-7f853a9f2000 rw-p 00000000 00:00 0 
7f853a9f2000-7f853a9f5000 ---p 00000000 00:00 0 
7f853a9f5000-7f853aaf3000 rw-p 00000000 00:00 0 
7f853aaf3000-7f853aaf6000 ---p 00000000 00:00 0 
7f853aaf6000-7f853abf4000 rw-p 00000000 00:00 0 
7f853abf4000-7f853abf7000 ---p 00000000 00:00 0 
7f853abf7000-7f853acf5000 rw-p 00000000 00:00 0 
7f853acf5000-7f853acf8000 ---p 00000000 00:00 0 
7f853acf8000-7f853adf6000 rw-p 00000000 00:00 0 
7f853adf6000-7f853adf9000 ---p 00000000 00:00 0 
7f853adf9000-7f853aef7000 rw-p 00000000 00:00 0 
7f853aef7000-7f853aefa000 ---p 00000000 00:00 0 
7f853aefa000-7f853aff8000 rw-p 00000000 00:00 0 
7f853aff8000-7f853affb000 ---p 00000000 00:00 0 
7f853affb000-7f853b0f9000 rw-p 00000000 00:00 0 
7f853b0f9000-7f853b0fc000 ---p 00000000 00:00 0 
7f853b0fc000-7f853b1fa000 rw-p 00000000 00:00 0 
7f853b1fa000-7f853b1fd000 ---p 00000000 00:00 0 
7f853b1fd000-7f853b2fb000 rw-p 00000000 00:00 0 
7f853b2fb000-7f853b2fe000 ---p 00000000 00:00 0 
7f853b2fe000-7f853b3fc000 rw-p 00000000 00:00 0 
7f853b3fc000-7f853b3ff000 ---p 00000000 00:00 0 
7f853b3ff000-7f853b6fd000 rw-p 00000000 00:00 0 
7f853b6fd000-7f853b700000 ---p 00000000 00:00 0 
7f853b700000-7f853b9fe000 rw-p 00000000 00:00 0 
7f853b9fe000-7f853ba01000 ---p 00000000 00:00 0 
7f853ba01000-7f853baff000 rw-p 00000000 00:00 0 
7f853baff000-7f853bb02000 ---p 00000000 00:00 0 
7f853bb02000-7f853be00000 rw-p 00000000 00:00 0 
7f853be00000-7f853c000000 rw-p 00000000 00:00 0 
7f853c000000-7f853c021000 rw-p 00000000 00:00 0 
7f853c021000-7f8540000000 ---p 00000000 00:00 0 
7f8540000000-7f8540023000 rw-p 00000000 00:00 0 
7f8540023000-7f8544000000 ---p 00000000 00:00 0 
7f8544000000-7f854510e000 rw-p 00000000 00:00 0 
7f854510e000-7f8548000000 ---p 00000000 00:00 0 
7f8548000000-7f854bfd3000 rw-p 00000000 00:00 0 
7f854bfd3000-7f854c000000 ---p 00000000 00:00 0 
7f854c02e000-7f854c031000 ---p 00000000 00:00 0 
7f854c031000-7f854c32f000 rw-p 00000000 00:00 0 
7f854c32f000-7f854c52f000 rw-p 00000000 00:00 0 
7f854c52f000-7f854c561000 r-xp 00000000 fd:00 101372916                  /usr/java/jdk1.8.0_181-amd64/jre/lib/amd64/libsunec.so
7f854c561000-7f854c760000 ---p 00032000 fd:00 101372916                  /usr/java/jdk1.8.0_181-amd64/jre/lib/amd64/libsunec.so
7f854c760000-7f854c766000 rw-p 00031000 fd:00 101372916                  /usr/java/jdk1.8.0_181-amd64/jre/lib/amd64/libsunec.so
7f854c766000-7f854c976000 rw-p 00000000 00:00 0 
7f854c976000-7f854cb76000 rw-p 00000000 00:00 0 
7f854cc34000-7f854cc37000 ---p 00000000 00:00 0 
7f854cc37000-7f854cf35000 rw-p 00000000 00:00 0 
7f854cf35000-7f854d135000 rw-p 00000000 00:00 0 
7f854d135000-7f854d335000 rw-p 00000000 00:00 0 
7f854d335000-7f854d346000 r-xp 00000000 fd:00 101345951                  /usr/java/jdk1.8.0_181-amd64/jre/lib/amd64/libnio.so
7f854d346000-7f854d545000 ---p 00011000 fd:00 101345951                  /usr/java/jdk1.8.0_181-amd64/jre/lib/amd64/libnio.so
7f854d545000-7f854d546000 rw-p 00010000 fd:00 101345951                  /usr/java/jdk1.8.0_181-amd64/jre/lib/amd64/libnio.so
7f854d546000-7f854d746000 rw-p 00000000 00:00 0 
7f854d746000-7f854d946000 rw-p 00000000 00:00 0 
7f854d946000-7f854db46000 rw-p 00000000 00:00 0 
7f854db46000-7f854db55000 r-xp 00000000 fd:00 33664370                   /usr/lib64/libbz2.so.1.0.6
7f854db55000-7f854dd54000 ---p 0000f000 fd:00 33664370                   /usr/lib64/libbz2.so.1.0.6
7f854dd54000-7f854dd55000 r--p 0000e000 fd:00 33664370                   /usr/lib64/libbz2.so.1.0.6
7f854dd55000-7f854dd56000 rw-p 0000f000 fd:00 33664370                   /usr/lib64/libbz2.so.1.0.6
7f854dd56000-7f854dd7b000 r-xp 00000000 fd:00 33664366                   /usr/lib64/liblzma.so.5.2.2
7f854dd7b000-7f854df7a000 ---p 00025000 fd:00 33664366                   /usr/lib64/liblzma.so.5.2.2
7f854df7a000-7f854df7b000 r--p 00024000 fd:00 33664366                   /usr/lib64/liblzma.so.5.2.2
7f854df7b000-7f854df7c000 rw-p 00025000 fd:00 33664366                   /usr/lib64/liblzma.so.5.2.2
7f854df7c000-7f854df91000 r-xp 00000000 fd:00 33587997                   /usr/lib64/libz.so.1.2.7
7f854df91000-7f854e190000 ---p 00015000 fd:00 33587997                   /usr/lib64/libz.so.1.2.7
7f854e190000-7f854e191000 r--p 00014000 fd:00 33587997                   /usr/lib64/libz.so.1.2.7
7f854e191000-7f854e192000 rw-p 00015000 fd:00 33587997                   /usr/lib64/libz.so.1.2.7
7f854e192000-7f854e1a9000 r-xp 00000000 fd:00 33664541                   /usr/lib64/libelf-0.170.so
7f854e1a9000-7f854e3a8000 ---p 00017000 fd:00 33664541                   /usr/lib64/libelf-0.170.so
7f854e3a8000-7f854e3a9000 r--p 00016000 fd:00 33664541                   /usr/lib64/libelf-0.170.so
7f854e3a9000-7f854e3aa000 rw-p 00017000 fd:00 33664541                   /usr/lib64/libelf-0.170.so
7f854e3aa000-7f854e3ae000 r-xp 00000000 fd:00 33664192                   /usr/lib64/libattr.so.1.1.0
7f854e3ae000-7f854e5ad000 ---p 00004000 fd:00 33664192                   /usr/lib64/libattr.so.1.1.0
7f854e5ad000-7f854e5ae000 r--p 00003000 fd:00 33664192                   /usr/lib64/libattr.so.1.1.0
7f854e5ae000-7f854e5af000 rw-p 00004000 fd:00 33664192                   /usr/lib64/libattr.so.1.1.0
7f854e5af000-7f854e5c4000 r-xp 00000000 fd:00 33554508                   /usr/lib64/libgcc_s-4.8.5-20150702.so.1
7f854e5c4000-7f854e7c3000 ---p 00015000 fd:00 33554508                   /usr/lib64/libgcc_s-4.8.5-20150702.so.1
7f854e7c3000-7f854e7c4000 r--p 00014000 fd:00 33554508                   /usr/lib64/libgcc_s-4.8.5-20150702.so.1
7f854e7c4000-7f854e7c5000 rw-p 00015000 fd:00 33554508                   /usr/lib64/libgcc_s-4.8.5-20150702.so.1
7f854e7c5000-7f854e809000 r-xp 00000000 fd:00 34359169                   /usr/lib64/libdw-0.170.so
7f854e809000-7f854ea09000 ---p 00044000 fd:00 34359169                   /usr/lib64/libdw-0.170.so
7f854ea09000-7f854ea0b000 r--p 00044000 fd:00 34359169                   /usr/lib64/libdw-0.170.so
7f854ea0b000-7f854ea0c000 rw-p 00046000 fd:00 34359169                   /usr/lib64/libdw-0.170.so
7f854ea0c000-7f854ea10000 r-xp 00000000 fd:00 33664195                   /usr/lib64/libcap.so.2.22
7f854ea10000-7f854ec0f000 ---p 00004000 fd:00 33664195                   /usr/lib64/libcap.so.2.22
7f854ec0f000-7f854ec10000 r--p 00003000 fd:00 33664195                   /usr/lib64/libcap.so.2.22
7f854ec10000-7f854ec11000 rw-p 00004000 fd:00 33664195                   /usr/lib64/libcap.so.2.22
7f854ec11000-7f854ec23000 r-xp 00000000 fd:00 34359167                   /usr/lib64/libnss_myhostname.so.2
7f854ec23000-7f854ee22000 ---p 00012000 fd:00 34359167                   /usr/lib64/libnss_myhostname.so.2
7f854ee22000-7f854ee25000 r--p 00011000 fd:00 34359167                   /usr/lib64/libnss_myhostname.so.2
7f854ee25000-7f854ee26000 rw-p 00014000 fd:00 34359167                   /usr/lib64/libnss_myhostname.so.2
7f854ee26000-7f854ee3c000 r-xp 00000000 fd:00 33587978                   /usr/lib64/libresolv-2.17.so
7f854ee3c000-7f854f03b000 ---p 00016000 fd:00 33587978                   /usr/lib64/libresolv-2.17.so
7f854f03b000-7f854f03c000 r--p 00015000 fd:00 33587978                   /usr/lib64/libresolv-2.17.so
7f854f03c000-7f854f03d000 rw-p 00016000 fd:00 33587978                   /usr/lib64/libresolv-2.17.so
7f854f03d000-7f854f03f000 rw-p 00000000 00:00 0 
7f854f03f000-7f854f044000 r-xp 00000000 fd:00 33587966                   /usr/lib64/libnss_dns-2.17.so
7f854f044000-7f854f244000 ---p 00005000 fd:00 33587966                   /usr/lib64/libnss_dns-2.17.so
7f854f244000-7f854f245000 r--p 00005000 fd:00 33587966                   /usr/lib64/libnss_dns-2.17.so
7f854f245000-7f854f246000 rw-p 00006000 fd:00 33587966                   /usr/lib64/libnss_dns-2.17.so
7f854f246000-7f854f25c000 r-xp 00000000 fd:00 101345950                  /usr/java/jdk1.8.0_181-amd64/jre/lib/amd64/libnet.so
7f854f25c000-7f854f45c000 ---p 00016000 fd:00 101345950                  /usr/java/jdk1.8.0_181-amd64/jre/lib/amd64/libnet.so
7f854f45c000-7f854f45d000 rw-p 00016000 fd:00 101345950                  /usr/java/jdk1.8.0_181-amd64/jre/lib/amd64/libnet.so
7f854f45d000-7f854f466000 r-xp 00000000 fd:00 101345948                  /usr/java/jdk1.8.0_181-amd64/jre/lib/amd64/libmanagement.so
7f854f466000-7f854f665000 ---p 00009000 fd:00 101345948                  /usr/java/jdk1.8.0_181-amd64/jre/lib/amd64/libmanagement.so
7f854f665000-7f854f666000 rw-p 00008000 fd:00 101345948                  /usr/java/jdk1.8.0_181-amd64/jre/lib/amd64/libmanagement.so
7f854f666000-7f854f6fb000 r--s 007c0000 fd:00 68155624                   /usr/java/jdk1.8.0_181-amd64/jre/lib/ext/jfxrt.jar
7f854f6fb000-7f854f8fb000 rw-p 00000000 00:00 0 
7f854f8fb000-7f854fafb000 rw-p 00000000 00:00 0 
7f854fafb000-7f854fafe000 ---p 00000000 00:00 0 
7f854fafe000-7f854fbfc000 rw-p 00000000 00:00 0 
7f854fbfc000-7f854fbff000 ---p 00000000 00:00 0 
7f854fbff000-7f854fcfd000 rw-p 00000000 00:00 0 
7f854fcfd000-7f854fd00000 ---p 00000000 00:00 0 
7f854fd00000-7f854fdfe000 rw-p 00000000 00:00 0 
7f854fdfe000-7f854fdff000 ---p 00000000 00:00 0 
7f854fdff000-7f854feff000 rw-p 00000000 00:00 0 
7f854feff000-7f854ff02000 ---p 00000000 00:00 0 
7f854ff02000-7f8550000000 rw-p 00000000 00:00 0 
7f8550000000-7f85500bb000 rw-p 00000000 00:00 0 
7f85500bb000-7f8554000000 ---p 00000000 00:00 0 
7f8554000000-7f855402a000 rw-p 00000000 00:00 0 
7f855402a000-7f8558000000 ---p 00000000 00:00 0 
7f8558000000-7f8558021000 rw-p 00000000 00:00 0 
7f8558021000-7f855c000000 ---p 00000000 00:00 0 
7f855c000000-7f855c055000 rw-p 00000000 00:00 0 
7f855c055000-7f8560000000 ---p 00000000 00:00 0 
7f8560000000-7f8560021000 rw-p 00000000 00:00 0 
7f8560021000-7f8564000000 ---p 00000000 00:00 0 
7f8564000000-7f8564291000 rw-p 00000000 00:00 0 
7f8564291000-7f8568000000 ---p 00000000 00:00 0 
7f8568000000-7f85683b5000 rw-p 00000000 00:00 0 
7f85683b5000-7f856c000000 ---p 00000000 00:00 0 
7f856c000000-7f856c2a7000 rw-p 00000000 00:00 0 
7f856c2a7000-7f8570000000 ---p 00000000 00:00 0 
7f8570000000-7f85703b1000 rw-p 00000000 00:00 0 
7f85703b1000-7f8574000000 ---p 00000000 00:00 0 
7f8574070000-7f8574071000 rw-p 00000000 00:00 0 
7f8574071000-7f8574077000 r--s 002f8000 fd:00 68280076                   /usr/java/jdk1.8.0_181-amd64/jre/lib/charsets.jar
7f8574077000-7f857407d000 r--s 0003e000 fd:00 68155629                   /usr/java/jdk1.8.0_181-amd64/jre/lib/ext/sunjce_provider.jar
7f857407d000-7f857407f000 r--s 00009000 fd:00 68155628                   /usr/java/jdk1.8.0_181-amd64/jre/lib/ext/sunec.jar
7f857407f000-7f8574083000 r--s 0009d000 fd:00 68280075                   /usr/java/jdk1.8.0_181-amd64/jre/lib/jsse.jar
7f8574083000-7f8574086000 r--s 0001a000 fd:00 68155653                   /usr/java/jdk1.8.0_181-amd64/jre/lib/jce.jar
7f8574086000-7f8574091000 r--s 0021a000 fd:00 68155652                   /usr/java/jdk1.8.0_181-amd64/jre/lib/ext/localedata.jar
7f8574091000-7f85740b4000 r--s 0038e000 fd:00 68155621                   /usr/java/jdk1.8.0_181-amd64/jre/lib/ext/cldrdata.jar
7f85740b4000-7f85740bb000 r--s 00000000 fd:00 67177859                   /usr/lib64/gconv/gconv-modules.cache
7f85740bb000-7f85740cf000 r--p 00000000 fd:00 33587620                   /usr/share/locale/zh_CN/LC_MESSAGES/libc.mo
7f85740cf000-7f85740d3000 ---p 00000000 00:00 0 
7f85740d3000-7f85741d0000 rw-p 00000000 00:00 0 
7f85741d0000-7f85741d4000 ---p 00000000 00:00 0 
7f85741d4000-7f85742d1000 rw-p 00000000 00:00 0 
7f85742d1000-7f85742d8000 r--s 00064000 fd:00 101607242                  /usr/local/tools/idea-IC-182.4505.22/lib/rt/debugger-agent.jar
7f85742d8000-7f85742da000 r--s 0001a000 fd:00 2034                       /usr/local/tools/idea-IC-182.4505.22/lib/idea_rt.jar
7f85742da000-7f85742e1000 r--s 0004b000 08:11 8783660                    /run/media/liudong/work/mavdepot/commons-codec/commons-codec/1.11/commons-codec-1.11.jar
7f85742e1000-7f85742e6000 r--s 0004b000 08:11 8652087                    /run/media/liudong/work/mavdepot/com/fasterxml/jackson/core/jackson-core/2.9.6/jackson-core-2.9.6.jar
7f85742e6000-7f85742e9000 r--s 0000e000 08:11 8652099                    /run/media/liudong/work/mavdepot/com/fasterxml/jackson/core/jackson-annotations/2.9.0/jackson-annotations-2.9.0.jar
7f85742e9000-7f85742fc000 r--s 00137000 08:11 8652085                    /run/media/liudong/work/mavdepot/com/fasterxml/jackson/core/jackson-databind/2.9.6/jackson-databind-2.9.6.jar
7f85742fc000-7f85742fe000 r--s 0000b000 08:11 8783658                    /run/media/liudong/work/mavdepot/com/auth0/java-jwt/3.3.0/java-jwt-3.3.0.jar
7f85742fe000-7f8574300000 r--s 00014000 08:11 8652159                    /run/media/liudong/work/mavdepot/org/springframework/boot/spring-boot-configuration-processor/2.0.4.RELEASE/spring-boot-configuration-processor-2.0.4.RELEASE.jar
7f8574300000-7f8574309000 r--s 0002d000 08:11 8652221                    /run/media/liudong/work/mavdepot/xml-apis/xml-apis/1.4.01/xml-apis-1.4.01.jar
7f8574309000-7f857430e000 r--s 00048000 08:11 8652216                    /run/media/liudong/work/mavdepot/dom4j/dom4j/1.6.1/dom4j-1.6.1.jar
7f857430e000-7f8574310000 r--s 00005000 08:11 8652214                    /run/media/liudong/work/mavdepot/org/apache/geronimo/specs/geronimo-stax-api_1.0_spec/1.0/geronimo-stax-api_1.0_spec-1.0.jar
7f8574310000-7f8574312000 r--s 00005000 08:11 8652212                    /run/media/liudong/work/mavdepot/stax/stax-api/1.0.1/stax-api-1.0.1.jar
7f8574312000-7f857434f000 r--s 0024f000 08:11 8652211                    /run/media/liudong/work/mavdepot/org/apache/xmlbeans/xmlbeans/2.3.0/xmlbeans-2.3.0.jar
7f857434f000-7f85743ce000 r--s 0034a000 08:11 8652178                    /run/media/liudong/work/mavdepot/org/apache/poi/poi-ooxml-schemas/3.7/poi-ooxml-schemas-3.7.jar
7f85743ce000-7f85743d5000 r--s 00073000 08:11 8652207                    /run/media/liudong/work/mavdepot/org/apache/poi/poi-ooxml/3.7/poi-ooxml-3.7.jar
7f85743d5000-7f85743f2000 r--s 0017c000 08:11 8652193                    /run/media/liudong/work/mavdepot/org/apache/poi/poi/3.7/poi-3.7.jar
7f85743f2000-7f85743f9000 r--s 00057000 08:11 8652181                    /run/media/liudong/work/mavdepot/com/jhlabs/filters/2.0.235-1/filters-2.0.235-1.jar
7f85743f9000-7f85743fc000 r--s 00015000 08:11 8652190                    /run/media/liudong/work/mavdepot/javax/servlet/javax.servlet-api/3.1.0/javax.servlet-api-3.1.0.jar
7f85743fc000-7f85743fe000 r--s 00016000 08:11 8652188                    /run/media/liudong/work/mavdepot/com/github/penggle/kaptcha/2.3.2/kaptcha-2.3.2.jar
7f85743fe000-7f8574400000 r--s 00008000 08:11 8652179                    /run/media/liudong/work/mavdepot/com/github/theborakompanioni/thymeleaf-extras-shiro/2.0.0/thymeleaf-extras-shiro-2.0.0.jar
7f8574400000-7f8574404000 r--s 00021000 08:11 8652203                    /run/media/liudong/work/mavdepot/org/apache/shiro/shiro-web/1.4.0/shiro-web-1.4.0.jar
7f8574404000-7f8574405000 r--s 00004000 08:11 8652199                    /run/media/liudong/work/mavdepot/org/apache/shiro/shiro-event/1.4.0/shiro-event-1.4.0.jar
7f8574405000-7f8574412000 r--s 00083000 08:11 8652194                    /run/media/liudong/work/mavdepot/commons-collections/commons-collections/3.2.2/commons-collections-3.2.2.jar
7f8574412000-7f8574417000 r--s 00038000 08:11 8652192                    /run/media/liudong/work/mavdepot/commons-beanutils/commons-beanutils/1.9.3/commons-beanutils-1.9.3.jar
7f8574417000-7f8574419000 r--s 00009000 08:11 8652151                    /run/media/liudong/work/mavdepot/org/apache/shiro/shiro-config-ogdl/1.4.0/shiro-config-ogdl-1.4.0.jar
7f8574419000-7f857441a000 r--s 00004000 08:11 8652149                    /run/media/liudong/work/mavdepot/org/apache/shiro/shiro-config-core/1.4.0/shiro-config-core-1.4.0.jar
7f857441a000-7f857441b000 r--s 00005000 08:11 8652186                    /run/media/liudong/work/mavdepot/org/apache/shiro/shiro-crypto-cipher/1.4.0/shiro-crypto-cipher-1.4.0.jar
7f857441b000-7f857441c000 r--s 00002000 08:11 8652183                    /run/media/liudong/work/mavdepot/org/apache/shiro/shiro-crypto-core/1.4.0/shiro-crypto-core-1.4.0.jar
7f857441c000-7f857441e000 r--s 00007000 08:11 8652165                    /run/media/liudong/work/mavdepot/org/apache/shiro/shiro-crypto-hash/1.4.0/shiro-crypto-hash-1.4.0.jar
7f857441e000-7f8574420000 r--s 00002000 08:11 8652180                    /run/media/liudong/work/mavdepot/org/apache/shiro/shiro-cache/1.4.0/shiro-cache-1.4.0.jar
7f8574420000-7f8574422000 r--s 0000b000 08:11 8652185                    /run/media/liudong/work/mavdepot/org/apache/shiro/shiro-lang/1.4.0/shiro-lang-1.4.0.jar
7f8574422000-7f857442c000 r--s 0005b000 08:11 8652204                    /run/media/liudong/work/mavdepot/org/apache/shiro/shiro-core/1.4.0/shiro-core-1.4.0.jar
7f857442c000-7f857442e000 r--s 00008000 08:11 8652162                    /run/media/liudong/work/mavdepot/org/apache/shiro/shiro-spring/1.4.0/shiro-spring-1.4.0.jar
7f857442e000-7f8574430000 r--s 00004000 08:11 8652166                    /run/media/liudong/work/mavdepot/org/springframework/spring-jcl/5.0.8.RELEASE/spring-jcl-5.0.8.RELEASE.jar
7f8574430000-7f8574448000 r--s 00114000 08:11 8652169                    /run/media/liudong/work/mavdepot/org/springframework/spring-core/5.0.8.RELEASE/spring-core-5.0.8.RELEASE.jar
7f8574448000-7f857445f000 r--s 00173000 08:11 8652056                    /run/media/liudong/work/mavdepot/org/projectlombok/lombok/1.16.22/lombok-1.16.22.jar
7f857445f000-7f8574469000 r--s 000ec000 08:11 8652021                    /run/media/liudong/work/mavdepot/mysql/mysql-connector-java/5.1.46/mysql-connector-java-5.1.46.jar
7f8574469000-7f857448a000 r--s 000fd000 08:11 8652140                    /run/media/liudong/work/mavdepot/org/springframework/boot/spring-boot-autoconfigure/2.0.4.RELEASE/spring-boot-autoconfigure-2.0.4.RELEASE.jar
7f857448a000-7f857449f000 r--s 000d0000 08:11 8652135                    /run/media/liudong/work/mavdepot/org/springframework/boot/spring-boot/2.0.4.RELEASE/spring-boot-2.0.4.RELEASE.jar
7f857449f000-7f85744a5000 r--s 0002d000 08:11 8652118                    /run/media/liudong/work/mavdepot/org/springframework/boot/spring-boot-devtools/2.0.4.RELEASE/spring-boot-devtools-2.0.4.RELEASE.jar
7f85744a5000-7f85744ac000 r--s 00052000 08:11 8652006                    /run/media/liudong/work/mavdepot/com/github/jsqlparser/jsqlparser/1.0/jsqlparser-1.0.jar
7f85744ac000-7f85744ae000 r--s 00012000 08:11 8652049                    /run/media/liudong/work/mavdepot/com/github/pagehelper/pagehelper/5.1.4/pagehelper-5.1.4.jar
7f85744ae000-7f85744af000 r--s 00001000 08:11 8652124                    /run/media/liudong/work/mavdepot/com/github/pagehelper/pagehelper-spring-boot-autoconfigure/1.2.5/pagehelper-spring-boot-autoconfigure-1.2.5.jar
7f85744af000-7f85744b0000 r--s 00000000 08:11 8652096                    /run/media/liudong/work/mavdepot/com/github/pagehelper/pagehelper-spring-boot-starter/1.2.5/pagehelper-spring-boot-starter-1.2.5.jar
7f85744b0000-7f85744b2000 r--s 0000c000 08:11 8652023                    /run/media/liudong/work/mavdepot/org/mybatis/mybatis-spring/1.3.2/mybatis-spring-1.3.2.jar
7f85744b2000-7f85744cc000 r--s 00173000 08:11 8652094                    /run/media/liudong/work/mavdepot/org/mybatis/mybatis/3.4.6/mybatis-3.4.6.jar
7f85744cc000-7f85744cd000 r--s 00003000 08:11 8652120                    /run/media/liudong/work/mavdepot/org/mybatis/spring/boot/mybatis-spring-boot-autoconfigure/1.3.2/mybatis-spring-boot-autoconfigure-1.3.2.jar
7f85744cd000-7f85744ce000 r--s 00000000 08:11 8652126                    /run/media/liudong/work/mavdepot/org/mybatis/spring/boot/mybatis-spring-boot-starter/1.3.2/mybatis-spring-boot-starter-1.3.2.jar
7f85744ce000-7f85744d7000 r--s 0005e000 08:11 8652055                    /run/media/liudong/work/mavdepot/org/springframework/spring-websocket/5.0.8.RELEASE/spring-websocket-5.0.8.RELEASE.jar
7f85744d7000-7f85744e0000 r--s 00054000 08:11 8652101                    /run/media/liudong/work/mavdepot/org/springframework/spring-messaging/5.0.8.RELEASE/spring-messaging-5.0.8.RELEASE.jar
7f85744e0000-7f85744f0000 r--s 000b2000 08:11 8652088                    /run/media/liudong/work/mavdepot/org/springframework/spring-webmvc/5.0.8.RELEASE/spring-webmvc-5.0.8.RELEASE.jar
7f85744f0000-7f857450a000 r--s 0011b000 08:11 8652032                    /run/media/liudong/work/mavdepot/org/springframework/spring-web/5.0.8.RELEASE/spring-web-5.0.8.RELEASE.jar
7f857450a000-7f857450f000 r--s 0003a000 08:11 8652005                    /run/media/liudong/work/mavdepot/org/apache/tomcat/embed/tomcat-embed-websocket/8.5.32/tomcat-embed-websocket-8.5.32.jar
7f857450f000-7f8574538000 r--s 002d3000 08:11 8652110                    /run/media/liudong/work/mavdepot/org/apache/tomcat/embed/tomcat-embed-core/8.5.32/tomcat-embed-core-8.5.32.jar
7f8574538000-7f8574539000 r--s 00000000 08:11 8652091                    /run/media/liudong/work/mavdepot/org/springframework/boot/spring-boot-starter-tomcat/2.0.4.RELEASE/spring-boot-starter-tomcat-2.0.4.RELEASE.jar
7f8574539000-7f857453b000 r--s 00001000 08:11 8652079                    /run/media/liudong/work/mavdepot/com/fasterxml/jackson/module/jackson-module-parameter-names/2.9.6/jackson-module-parameter-names-2.9.6.jar
7f857453b000-7f857453e000 r--s 00016000 08:11 8652098                    /run/media/liudong/work/mavdepot/com/fasterxml/jackson/datatype/jackson-datatype-jsr310/2.9.6/jackson-datatype-jsr310-2.9.6.jar
7f857453e000-7f8574540000 r--s 00007000 08:11 8652084                    /run/media/liudong/work/mavdepot/com/fasterxml/jackson/datatype/jackson-datatype-jdk8/2.9.6/jackson-datatype-jdk8-2.9.6.jar
7f8574540000-7f8574541000 r--s 00000000 08:11 8652058                    /run/media/liudong/work/mavdepot/org/springframework/boot/spring-boot-starter-json/2.0.4.RELEASE/spring-boot-starter-json-2.0.4.RELEASE.jar
7f8574541000-7f8574542000 r--s 00000000 08:11 8652083                    /run/media/liudong/work/mavdepot/org/springframework/boot/spring-boot-starter-web/2.0.4.RELEASE/spring-boot-starter-web-2.0.4.RELEASE.jar
7f8574542000-7f8574544000 r--s 0000e000 08:11 8652065                    /run/media/liudong/work/mavdepot/com/fasterxml/classmate/1.3.4/classmate-1.3.4.jar
7f8574544000-7f8574549000 r--s 00012000 08:11 8652044                    /run/media/liudong/work/mavdepot/javax/validation/validation-api/2.0.1.Final/validation-api-2.0.1.Final.jar
7f8574549000-7f8574566000 r--s 000fe000 08:11 8652026                    /run/media/liudong/work/mavdepot/org/hibernate/validator/hibernate-validator/6.0.11.Final/hibernate-validator-6.0.11.Final.jar
7f8574566000-7f857456b000 r--s 00037000 08:11 8652106                    /run/media/liudong/work/mavdepot/org/apache/tomcat/embed/tomcat-embed-el/8.5.32/tomcat-embed-el-8.5.32.jar
7f857456b000-7f857457b000 r--s 000c5000 08:11 8652068                    /run/media/liudong/work/mavdepot/org/thymeleaf/thymeleaf/3.0.9.RELEASE/thymeleaf-3.0.9.RELEASE.jar
7f857457b000-7f857457e000 ---p 00000000 00:00 0 
7f857457e000-7f857467c000 rw-p 00000000 00:00 0 
7f857467c000-7f857467f000 ---p 00000000 00:00 0 
7f857467f000-7f857477d000 rw-p 00000000 00:00 0 
7f857477d000-7f8574780000 ---p 00000000 00:00 0 
7f8574780000-7f857487e000 rw-p 00000000 00:00 0 
7f857487e000-7f8574882000 r-xp 00000000 fd:00 101345918                  /usr/java/jdk1.8.0_181-amd64/jre/lib/amd64/libdt_socket.so
7f8574882000-7f8574a81000 ---p 00004000 fd:00 101345918                  /usr/java/jdk1.8.0_181-amd64/jre/lib/amd64/libdt_socket.so
7f8574a81000-7f8574a82000 rw-p 00003000 fd:00 101345918                  /usr/java/jdk1.8.0_181-amd64/jre/lib/amd64/libdt_socket.so
7f8574a82000-7f8574a85000 ---p 00000000 00:00 0 
7f8574a85000-7f8574b83000 rw-p 00000000 00:00 0 
7f8574b83000-7f8574b86000 ---p 00000000 00:00 0 
7f8574b86000-7f8574c84000 rw-p 00000000 00:00 0 
7f8574c84000-7f8574c87000 ---p 00000000 00:00 0 
7f8574c87000-7f8574d85000 rw-p 00000000 00:00 0 
7f8574d85000-7f8574d86000 ---p 00000000 00:00 0 
7f8574d86000-7f8576ad7000 rw-p 00000000 00:00 0 
7f8576ad7000-7f8577a07000 rwxp 00000000 00:00 0 
7f8577a07000-7f8585ad7000 ---p 00000000 00:00 0 
7f8585ad7000-7f858c000000 r--p 00000000 fd:00 67177860                   /usr/lib/locale/locale-archive
7f858c000000-7f858cb94000 rw-p 00000000 00:00 0 
7f858cb94000-7f8590000000 ---p 00000000 00:00 0 
7f8590000000-7f8590001000 r--s 00000000 08:11 8652073                    /run/media/liudong/work/mavdepot/org/springframework/boot/spring-boot-starter-websocket/2.0.4.RELEASE/spring-boot-starter-websocket-2.0.4.RELEASE.jar
7f8590001000-7f8590003000 r--s 0000f000 08:11 8652011                    /run/media/liudong/work/mavdepot/org/jboss/logging/jboss-logging/3.3.2.Final/jboss-logging-3.3.2.Final.jar
7f8590003000-7f8590004000 r--s 00000000 08:11 8652029                    /run/media/liudong/work/mavdepot/org/springframework/boot/spring-boot-starter-validation/2.0.4.RELEASE/spring-boot-starter-validation-2.0.4.RELEASE.jar
7f8590004000-7f8590005000 r--s 00009000 08:11 8652067                    /run/media/liudong/work/mavdepot/org/thymeleaf/extras/thymeleaf-extras-java8time/3.0.1.RELEASE/thymeleaf-extras-java8time-3.0.1.RELEASE.jar
7f8590005000-7f8590008000 r--s 00026000 08:11 8652054                    /run/media/liudong/work/mavdepot/org/unbescape/unbescape/1.1.5.RELEASE/unbescape-1.1.5.RELEASE.jar
7f8590008000-7f859000c000 r--s 00035000 08:11 8652062                    /run/media/liudong/work/mavdepot/org/attoparser/attoparser/2.0.4.RELEASE/attoparser-2.0.4.RELEASE.jar
7f859000c000-7f8590010000 r--s 00027000 08:11 8652037                    /run/media/liudong/work/mavdepot/org/thymeleaf/thymeleaf-spring5/3.0.9.RELEASE/thymeleaf-spring5-3.0.9.RELEASE.jar
7f8590010000-7f8590011000 r--s 00000000 08:11 8652019                    /run/media/liudong/work/mavdepot/org/springframework/boot/spring-boot-starter-thymeleaf/2.0.4.RELEASE/spring-boot-starter-thymeleaf-2.0.4.RELEASE.jar
7f8590011000-7f8590013000 r--s 0000e000 08:11 8652046                    /run/media/liudong/work/mavdepot/javax/activation/activation/1.1/activation-1.1.jar
7f8590013000-7f859001b000 r--s 00098000 08:11 8652033                    /run/media/liudong/work/mavdepot/com/sun/mail/javax.mail/1.6.1/javax.mail-1.6.1.jar
7f859001b000-7f859001c000 r--s 00000000 08:11 8652030                    /run/media/liudong/work/mavdepot/org/springframework/boot/spring-boot-starter-mail/2.0.4.RELEASE/spring-boot-starter-mail-2.0.4.RELEASE.jar
7f859001c000-7f8590024000 r--s 00037000 08:11 8652053                    /run/media/liudong/work/mavdepot/org/springframework/spring-tx/5.0.8.RELEASE/spring-tx-5.0.8.RELEASE.jar
7f8590024000-7f859002d000 r--s 00059000 08:11 8652042                    /run/media/liudong/work/mavdepot/org/springframework/spring-jdbc/5.0.8.RELEASE/spring-jdbc-5.0.8.RELEASE.jar
7f859002d000-7f859002f000 r--s 00009000 08:11 8652174                    /run/media/liudong/work/mavdepot/org/slf4j/slf4j-api/1.7.25/slf4j-api-1.7.25.jar
7f859002f000-7f8590033000 r--s 00020000 08:11 8652039                    /run/media/liudong/work/mavdepot/com/zaxxer/HikariCP/2.7.9/HikariCP-2.7.9.jar
7f8590033000-7f8590034000 r--s 00000000 08:11 8652114                    /run/media/liudong/work/mavdepot/org/springframework/boot/spring-boot-starter-jdbc/2.0.4.RELEASE/spring-boot-starter-jdbc-2.0.4.RELEASE.jar
7f8590034000-7f8590038000 r--s 00028000 08:11 8652036                    /run/media/liudong/work/mavdepot/org/springframework/spring-context-support/5.0.8.RELEASE/spring-context-support-5.0.8.RELEASE.jar
7f8590038000-7f859003d000 r--s 00040000 08:11 8652003                    /run/media/liudong/work/mavdepot/org/springframework/spring-expression/5.0.8.RELEASE/spring-expression-5.0.8.RELEASE.jar
7f859003d000-7f859004a000 r--s 00095000 08:11 8652051                    /run/media/liudong/work/mavdepot/org/springframework/spring-beans/5.0.8.RELEASE/spring-beans-5.0.8.RELEASE.jar
7f859004a000-7f8590053000 r--s 00051000 08:11 8652035                    /run/media/liudong/work/mavdepot/org/springframework/spring-aop/5.0.8.RELEASE/spring-aop-5.0.8.RELEASE.jar
7f8590053000-7f859006d000 r--s 000f1000 08:11 8652134                    /run/media/liudong/work/mavdepot/org/springframework/spring-context/5.0.8.RELEASE/spring-context-5.0.8.RELEASE.jar
7f859006d000-7f8590074000 r--s 00042000 08:11 8652028                    /run/media/liudong/work/mavdepot/org/yaml/snakeyaml/1.19/snakeyaml-1.19.jar
7f8590074000-7f8590076000 r--s 00005000 08:11 8652090                    /run/media/liudong/work/mavdepot/javax/annotation/javax.annotation-api/1.3.2/javax.annotation-api-1.3.2.jar
7f8590076000-7f8590078000 r--s 00000000 08:11 8652024                    /run/media/liudong/work/mavdepot/org/slf4j/jul-to-slf4j/1.7.25/jul-to-slf4j-1.7.25.jar
7f8590078000-7f859007e000 r--s 00039000 08:11 8652018                    /run/media/liudong/work/mavdepot/org/apache/logging/log4j/log4j-api/2.10.0/log4j-api-2.10.0.jar
7f859007e000-7f8590080000 r--s 00003000 08:11 8652016                    /run/media/liudong/work/mavdepot/org/apache/logging/log4j/log4j-to-slf4j/2.10.0/log4j-to-slf4j-2.10.0.jar
7f8590080000-7f859008b000 r--s 00069000 08:11 8652014                    /run/media/liudong/work/mavdepot/ch/qos/logback/logback-core/1.2.3/logback-core-1.2.3.jar
7f859008b000-7f8590091000 r--s 00041000 08:11 8652010                    /run/media/liudong/work/mavdepot/ch/qos/logback/logback-classic/1.2.3/logback-classic-1.2.3.jar
7f8590091000-7f8590092000 r--s 00000000 08:11 8652008                    /run/media/liudong/work/mavdepot/org/springframework/boot/spring-boot-starter-logging/2.0.4.RELEASE/spring-boot-starter-logging-2.0.4.RELEASE.jar
7f8590092000-7f8590093000 r--s 00000000 08:11 8652108                    /run/media/liudong/work/mavdepot/org/springframework/boot/spring-boot-starter/2.0.4.RELEASE/spring-boot-starter-2.0.4.RELEASE.jar
7f8590093000-7f8590094000 r--s 00000000 08:11 8652000                    /run/media/liudong/work/mavdepot/org/springframework/boot/spring-boot-starter-cache/2.0.4.RELEASE/spring-boot-starter-cache-2.0.4.RELEASE.jar
7f8590094000-7f85900a9000 r--s 000ff000 fd:00 68155685                   /usr/java/jdk1.8.0_181-amd64/jre/lib/resources.jar
7f85900a9000-7f85900bc000 r--s 001a7000 fd:00 68280072                   /usr/java/jdk1.8.0_181-amd64/jre/lib/plugin.jar
7f85900bc000-7f85900c0000 r--s 0009d000 fd:00 68280075                   /usr/java/jdk1.8.0_181-amd64/jre/lib/jsse.jar
7f85900c0000-7f85900c2000 r--s 00007000 fd:00 68155656                   /usr/java/jdk1.8.0_181-amd64/jre/lib/jfxswt.jar
7f85900c2000-7f85900c8000 r--s 0003e000 fd:00 68155655                   /usr/java/jdk1.8.0_181-amd64/jre/lib/jfr.jar
7f85900c8000-7f85900d2000 r--s 000e0000 fd:00 68280073                   /usr/java/jdk1.8.0_181-amd64/jre/lib/javaws.jar
7f85900d2000-7f85900ed000 r--s 004a0000 fd:00 68280074                   /usr/java/jdk1.8.0_181-amd64/jre/lib/deploy.jar
7f85900ed000-7f8590944000 rw-p 00000000 00:00 0 
7f8590944000-7f8590b1e000 r--s 03d23000 fd:00 69027121                   /usr/java/jdk1.8.0_181-amd64/jre/lib/rt.jar
7f8590b1e000-7f85914d3000 rw-p 00000000 00:00 0 
7f85914d3000-7f85914d4000 ---p 00000000 00:00 0 
7f85914d4000-7f85915d4000 rw-p 00000000 00:00 0 
7f85915d4000-7f85915d5000 ---p 00000000 00:00 0 
7f85915d5000-7f85916ec000 rw-p 00000000 00:00 0 
7f85916ec000-7f85917f9000 ---p 00000000 00:00 0 
7f85917f9000-7f8591810000 rw-p 00000000 00:00 0 
7f8591810000-7f859191c000 ---p 00000000 00:00 0 
7f859191c000-7f8591990000 rw-p 00000000 00:00 0 
7f8591990000-7f85919ae000 ---p 00000000 00:00 0 
7f85919ae000-7f85919ec000 rw-p 00000000 00:00 0 
7f85919ec000-7f8591d6f000 ---p 00000000 00:00 0 
7f8591d6f000-7f8591d8a000 r-xp 00000000 fd:00 101372921                  /usr/java/jdk1.8.0_181-amd64/jre/lib/amd64/libzip.so
7f8591d8a000-7f8591f8a000 ---p 0001b000 fd:00 101372921                  /usr/java/jdk1.8.0_181-amd64/jre/lib/amd64/libzip.so
7f8591f8a000-7f8591f8b000 rw-p 0001b000 fd:00 101372921                  /usr/java/jdk1.8.0_181-amd64/jre/lib/amd64/libzip.so
7f8591f8b000-7f8591f97000 r-xp 00000000 fd:00 33587968                   /usr/lib64/libnss_files-2.17.so
7f8591f97000-7f8592196000 ---p 0000c000 fd:00 33587968                   /usr/lib64/libnss_files-2.17.so
7f8592196000-7f8592197000 r--p 0000b000 fd:00 33587968                   /usr/lib64/libnss_files-2.17.so
7f8592197000-7f8592198000 rw-p 0000c000 fd:00 33587968                   /usr/lib64/libnss_files-2.17.so
7f8592198000-7f859219e000 rw-p 00000000 00:00 0 
7f859219e000-7f85921a8000 r-xp 00000000 fd:00 101345924                  /usr/java/jdk1.8.0_181-amd64/jre/lib/amd64/libinstrument.so
7f85921a8000-7f85923a7000 ---p 0000a000 fd:00 101345924                  /usr/java/jdk1.8.0_181-amd64/jre/lib/amd64/libinstrument.so
7f85923a7000-7f85923a8000 rw-p 00009000 fd:00 101345924                  /usr/java/jdk1.8.0_181-amd64/jre/lib/amd64/libinstrument.so
7f85923a8000-7f85923aa000 r-xp 00000000 fd:00 101372897                  /usr/java/jdk1.8.0_181-amd64/jre/lib/amd64/libnpt.so
7f85923aa000-7f85925aa000 ---p 00002000 fd:00 101372897                  /usr/java/jdk1.8.0_181-amd64/jre/lib/amd64/libnpt.so
7f85925aa000-7f85925ab000 rw-p 00002000 fd:00 101372897                  /usr/java/jdk1.8.0_181-amd64/jre/lib/amd64/libnpt.so
7f85925ab000-7f85925e5000 r-xp 00000000 fd:00 101345937                  /usr/java/jdk1.8.0_181-amd64/jre/lib/amd64/libjdwp.so
7f85925e5000-7f85927e4000 ---p 0003a000 fd:00 101345937                  /usr/java/jdk1.8.0_181-amd64/jre/lib/amd64/libjdwp.so
7f85927e4000-7f85927e5000 rw-p 00039000 fd:00 101345937                  /usr/java/jdk1.8.0_181-amd64/jre/lib/amd64/libjdwp.so
7f85927e5000-7f85927e6000 rw-p 00000000 00:00 0 
7f85927e6000-7f8592811000 r-xp 00000000 fd:00 101345929                  /usr/java/jdk1.8.0_181-amd64/jre/lib/amd64/libjava.so
7f8592811000-7f8592a10000 ---p 0002b000 fd:00 101345929                  /usr/java/jdk1.8.0_181-amd64/jre/lib/amd64/libjava.so
7f8592a10000-7f8592a12000 rw-p 0002a000 fd:00 101345929                  /usr/java/jdk1.8.0_181-amd64/jre/lib/amd64/libjava.so
7f8592a12000-7f8592a1f000 r-xp 00000000 fd:00 101372920                  /usr/java/jdk1.8.0_181-amd64/jre/lib/amd64/libverify.so
7f8592a1f000-7f8592c1f000 ---p 0000d000 fd:00 101372920                  /usr/java/jdk1.8.0_181-amd64/jre/lib/amd64/libverify.so
7f8592c1f000-7f8592c21000 rw-p 0000d000 fd:00 101372920                  /usr/java/jdk1.8.0_181-amd64/jre/lib/amd64/libverify.so
7f8592c21000-7f8592c28000 r-xp 00000000 fd:00 33587980                   /usr/lib64/librt-2.17.so
7f8592c28000-7f8592e27000 ---p 00007000 fd:00 33587980                   /usr/lib64/librt-2.17.so
7f8592e27000-7f8592e28000 r--p 00006000 fd:00 33587980                   /usr/lib64/librt-2.17.so
7f8592e28000-7f8592e29000 rw-p 00007000 fd:00 33587980                   /usr/lib64/librt-2.17.so
7f8592e29000-7f8592f2a000 r-xp 00000000 fd:00 33587958                   /usr/lib64/libm-2.17.so
7f8592f2a000-7f8593129000 ---p 00101000 fd:00 33587958                   /usr/lib64/libm-2.17.so
7f8593129000-7f859312a000 r--p 00100000 fd:00 33587958                   /usr/lib64/libm-2.17.so
7f859312a000-7f859312b000 rw-p 00101000 fd:00 33587958                   /usr/lib64/libm-2.17.so
7f859312b000-7f8593e07000 r-xp 00000000 fd:00 33965197                   /usr/java/jdk1.8.0_181-amd64/jre/lib/amd64/server/libjvm.so
7f8593e07000-7f8594007000 ---p 00cdc000 fd:00 33965197                   /usr/java/jdk1.8.0_181-amd64/jre/lib/amd64/server/libjvm.so
7f8594007000-7f85940e1000 rw-p 00cdc000 fd:00 33965197                   /usr/java/jdk1.8.0_181-amd64/jre/lib/amd64/server/libjvm.so
7f85940e1000-7f859412c000 rw-p 00000000 00:00 0 
7f859412c000-7f85942ef000 r-xp 00000000 fd:00 33587950                   /usr/lib64/libc-2.17.so
7f85942ef000-7f85944ee000 ---p 001c3000 fd:00 33587950                   /usr/lib64/libc-2.17.so
7f85944ee000-7f85944f2000 r--p 001c2000 fd:00 33587950                   /usr/lib64/libc-2.17.so
7f85944f2000-7f85944f4000 rw-p 001c6000 fd:00 33587950                   /usr/lib64/libc-2.17.so
7f85944f4000-7f85944f9000 rw-p 00000000 00:00 0 
7f85944f9000-7f85944fb000 r-xp 00000000 fd:00 33587956                   /usr/lib64/libdl-2.17.so
7f85944fb000-7f85946fb000 ---p 00002000 fd:00 33587956                   /usr/lib64/libdl-2.17.so
7f85946fb000-7f85946fc000 r--p 00002000 fd:00 33587956                   /usr/lib64/libdl-2.17.so
7f85946fc000-7f85946fd000 rw-p 00003000 fd:00 33587956                   /usr/lib64/libdl-2.17.so
7f85946fd000-7f8594713000 r-xp 00000000 fd:00 102142202                  /usr/java/jdk1.8.0_181-amd64/lib/amd64/jli/libjli.so
7f8594713000-7f8594912000 ---p 00016000 fd:00 102142202                  /usr/java/jdk1.8.0_181-amd64/lib/amd64/jli/libjli.so
7f8594912000-7f8594913000 rw-p 00015000 fd:00 102142202                  /usr/java/jdk1.8.0_181-amd64/lib/amd64/jli/libjli.so
7f8594913000-7f859492a000 r-xp 00000000 fd:00 33587976                   /usr/lib64/libpthread-2.17.so
7f859492a000-7f8594b29000 ---p 00017000 fd:00 33587976                   /usr/lib64/libpthread-2.17.so
7f8594b29000-7f8594b2a000 r--p 00016000 fd:00 33587976                   /usr/lib64/libpthread-2.17.so
7f8594b2a000-7f8594b2b000 rw-p 00017000 fd:00 33587976                   /usr/lib64/libpthread-2.17.so
7f8594b2b000-7f8594b2f000 rw-p 00000000 00:00 0 
7f8594b2f000-7f8594b51000 r-xp 00000000 fd:00 33587943                   /usr/lib64/ld-2.17.so
7f8594b51000-7f8594b52000 r--s 00000000 fd:00 68155673                   /usr/java/jdk1.8.0_181-amd64/jre/lib/management-agent.jar
7f8594b52000-7f8594c35000 rw-p 00000000 00:00 0 
7f8594c35000-7f8594c39000 ---p 00000000 00:00 0 
7f8594c39000-7f8594d3a000 rw-p 00000000 00:00 0 
7f8594d3a000-7f8594d3d000 r--s 0001a000 fd:00 68155653                   /usr/java/jdk1.8.0_181-amd64/jre/lib/jce.jar
7f8594d3d000-7f8594d43000 r--s 002f8000 fd:00 68280076                   /usr/java/jdk1.8.0_181-amd64/jre/lib/charsets.jar
7f8594d43000-7f8594d45000 r--s 00001000 fd:00 101607241                  /usr/local/tools/idea-IC-182.4505.22/lib/rt/debugger-agent-storage.jar
7f8594d45000-7f8594d4d000 rw-s 00000000 fd:00 69273085                   /tmp/hsperfdata_liudong/14069
7f8594d4d000-7f8594d4e000 rw-p 00000000 00:00 0 
7f8594d4e000-7f8594d4f000 ---p 00000000 00:00 0 
7f8594d4f000-7f8594d50000 rw-p 00000000 00:00 0 
7f8594d50000-7f8594d51000 r--p 00021000 fd:00 33587943                   /usr/lib64/ld-2.17.so
7f8594d51000-7f8594d52000 rw-p 00022000 fd:00 33587943                   /usr/lib64/ld-2.17.so
7f8594d52000-7f8594d53000 rw-p 00000000 00:00 0 
7ffdbc355000-7ffdbc379000 rw-p 00000000 00:00 0                          [stack]
7ffdbc37a000-7ffdbc37c000 r-xp 00000000 00:00 0                          [vdso]
ffffffffff600000-ffffffffff601000 r-xp 00000000 00:00 0                  [vsyscall]

VM Arguments:
jvm_args: -agentlib:jdwp=transport=dt_socket,address=127.0.0.1:37679,suspend=y,server=n -javaagent:/usr/local/tools/idea-IC-182.4505.22/lib/rt/debugger-agent.jar=file:/tmp/capture.props -Dfile.encoding=UTF-8 
java_command: com.hengbang.hbcrm.HbcrmApplication
java_class_path (initial): /usr/java/jdk1.8.0_181-amd64/jre/lib/charsets.jar:/usr/java/jdk1.8.0_181-amd64/jre/lib/deploy.jar:/usr/java/jdk1.8.0_181-amd64/jre/lib/ext/cldrdata.jar:/usr/java/jdk1.8.0_181-amd64/jre/lib/ext/dnsns.jar:/usr/java/jdk1.8.0_181-amd64/jre/lib/ext/jaccess.jar:/usr/java/jdk1.8.0_181-amd64/jre/lib/ext/jfxrt.jar:/usr/java/jdk1.8.0_181-amd64/jre/lib/ext/localedata.jar:/usr/java/jdk1.8.0_181-amd64/jre/lib/ext/nashorn.jar:/usr/java/jdk1.8.0_181-amd64/jre/lib/ext/sunec.jar:/usr/java/jdk1.8.0_181-amd64/jre/lib/ext/sunjce_provider.jar:/usr/java/jdk1.8.0_181-amd64/jre/lib/ext/sunpkcs11.jar:/usr/java/jdk1.8.0_181-amd64/jre/lib/ext/zipfs.jar:/usr/java/jdk1.8.0_181-amd64/jre/lib/javaws.jar:/usr/java/jdk1.8.0_181-amd64/jre/lib/jce.jar:/usr/java/jdk1.8.0_181-amd64/jre/lib/jfr.jar:/usr/java/jdk1.8.0_181-amd64/jre/lib/jfxswt.jar:/usr/java/jdk1.8.0_181-amd64/jre/lib/jsse.jar:/usr/java/jdk1.8.0_181-amd64/jre/lib/management-agent.jar:/usr/java/jdk1.8.0_181-amd64/jre/lib/plugin.jar:/usr/java/jdk1.8.0_181-amd64/jre/lib/resources.jar:/usr/java/jdk1.8.0_181-amd64/jre/lib/rt.jar:/usr/local/tools/workSpace/hbcrmOauth/target/classes:/run/media/liudong/work/mavdepot/org/springframework/boot/spring-boot-starter-cache/2.0.4.RELEASE/spring-boot-starter-cache-2.0.4.RELEASE.jar:/run/media/liudong/work/mavdepot/org/springframework/boot/spring-boot-starter/2.0.4.RELEASE/spring-boot-starter-2.0.4.RELEASE.jar:/run/media/liudong/work/mavdepot/org/springframework/boot/spring-boot-starter-logging/2.0.4.RELEASE/spring-boot-starter-logging-2.0.4.RELEASE.jar:/run/media/liudong/work/mavdepot/ch/qos/logback/logback-classic/1.2.3/logback-classic-1.2.3.jar:/run/media/liudong/work/mavdepot/ch/qos/logback/logback-core/1.2.3/logback-core-1.2.3.jar:/run/media/liudong/work/mavdepot/org/apache/logging/log4j/log4j-to-slf4j/2.10.0/log4j-to-slf4j-2.10.0.jar:/run/media/liudong/work/mavdepot/org/apache/logging/log4j/log4j-api/2.10.0/log4j-api-2.10.0.jar:/run/media/liudong/work/mavdepot/org/slf4j/ju
Launcher Type: SUN_STANDARD

Environment Variables:
PATH=/usr/local/bin:/usr/local/sbin:/usr/bin:/usr/sbin:/bin:/sbin:/bin:/usr/local/tools/apache-maven-3.5.4/bin:/home/liudong/.local/bin:/home/liudong/bin
USERNAME=liudong
SHELL=/bin/bash
DISPLAY=:0

Signal Handlers:
SIGSEGV: [libjvm.so+0xad2a40], sa_mask[0]=11111111011111111101111111111110, sa_flags=SA_RESTART|SA_SIGINFO
SIGBUS: [libjvm.so+0xad2a40], sa_mask[0]=11111111011111111101111111111110, sa_flags=SA_RESTART|SA_SIGINFO
SIGFPE: [libjvm.so+0x92a610], sa_mask[0]=11111111011111111101111111111110, sa_flags=SA_RESTART|SA_SIGINFO
SIGPIPE: [libjvm.so+0x92a610], sa_mask[0]=11111111011111111101111111111110, sa_flags=SA_RESTART|SA_SIGINFO
SIGXFSZ: [libjvm.so+0x92a610], sa_mask[0]=11111111011111111101111111111110, sa_flags=SA_RESTART|SA_SIGINFO
SIGILL: [libjvm.so+0x92a610], sa_mask[0]=11111111011111111101111111111110, sa_flags=SA_RESTART|SA_SIGINFO
SIGUSR1: SIG_DFL, sa_mask[0]=00000000000000000000000000000000, sa_flags=none
SIGUSR2: [libjvm.so+0x92be70], sa_mask[0]=00100000000000000000000000000000, sa_flags=SA_RESTART|SA_SIGINFO
SIGHUP: SIG_IGN, sa_mask[0]=00000000000000000000000000000000, sa_flags=none
SIGINT: [libjvm.so+0x92d270], sa_mask[0]=11111111011111111101111111111110, sa_flags=SA_RESTART|SA_SIGINFO
SIGTERM: [libjvm.so+0x92d270], sa_mask[0]=11111111011111111101111111111110, sa_flags=SA_RESTART|SA_SIGINFO
SIGQUIT: [libjvm.so+0x92d270], sa_mask[0]=11111111011111111101111111111110, sa_flags=SA_RESTART|SA_SIGINFO


---------------  S Y S T E M  ---------------

OS:CentOS Linux release 7.5.1804 (Core) 

uname:Linux 3.10.0-862.el7.x86_64 #1 SMP Fri Apr 20 16:44:24 UTC 2018 x86_64
libc:glibc 2.17 NPTL 2.17 
rlimit: STACK 8192k, CORE 0k, NPROC 4096, NOFILE 4096, AS infinity
load average:8.25 3.74 2.06

/proc/meminfo:
MemTotal:        3578076 kB
MemFree:          103824 kB
MemAvailable:      13328 kB
Buffers:             204 kB
Cached:           152092 kB
SwapCached:            0 kB
Active:          3123408 kB
Inactive:         141308 kB
Active(anon):    3113576 kB
Inactive(anon):   130624 kB
Active(file):       9832 kB
Inactive(file):    10684 kB
Unevictable:           0 kB
Mlocked:               0 kB
SwapTotal:             0 kB
SwapFree:              0 kB
Dirty:                 0 kB
Writeback:             0 kB
AnonPages:       3112836 kB
Mapped:            57468 kB
Shmem:            131608 kB
Slab:              88840 kB
SReclaimable:      32604 kB
SUnreclaim:        56236 kB
KernelStack:       11520 kB
PageTables:        53432 kB
NFS_Unstable:          0 kB
Bounce:                0 kB
WritebackTmp:          0 kB
CommitLimit:     1789036 kB
Committed_AS:    7293440 kB
VmallocTotal:   34359738367 kB
VmallocUsed:      348056 kB
VmallocChunk:   34358947836 kB
HardwareCorrupted:     0 kB
AnonHugePages:    946176 kB
CmaTotal:              0 kB
CmaFree:               0 kB
HugePages_Total:       0
HugePages_Free:        0
HugePages_Rsvd:        0
HugePages_Surp:        0
Hugepagesize:       2048 kB
DirectMap4k:      126884 kB
DirectMap2M:     2711552 kB
DirectMap1G:     1048576 kB


CPU:total 2 (initial active 2) (2 cores per cpu, 1 threads per core) family 6 model 60 stepping 3, cmov, cx8, fxsr, mmx, sse, sse2, sse3, ssse3, sse4.1, sse4.2, popcnt, clmul, erms, lzcnt, tsc, tscinvbit

/proc/cpuinfo:
processor	: 0
vendor_id	: GenuineIntel
cpu family	: 6
model		: 60
model name	: Intel(R) Celeron(R) CPU G1840 @ 2.80GHz
stepping	: 3
microcode	: 0x22
cpu MHz		: 2799.829
cache size	: 2048 KB
physical id	: 0
siblings	: 2
core id		: 0
cpu cores	: 2
apicid		: 0
initial apicid	: 0
fpu		: yes
fpu_exception	: yes
cpuid level	: 13
wp		: yes
flags		: fpu vme de pse tsc msr pae mce cx8 apic sep mtrr pge mca cmov pat pse36 clflush dts acpi mmx fxsr sse sse2 ss ht tm pbe syscall nx pdpe1gb rdtscp lm constant_tsc arch_perfmon pebs bts rep_good nopl xtopology nonstop_tsc aperfmperf eagerfpu pni pclmulqdq dtes64 monitor ds_cpl vmx est tm2 ssse3 sdbg cx16 xtpr pdcm pcid sse4_1 sse4_2 movbe popcnt tsc_deadline_timer xsave rdrand lahf_lm abm epb tpr_shadow vnmi flexpriority ept vpid fsgsbase tsc_adjust erms invpcid xsaveopt dtherm arat pln pts
bogomips	: 5587.02
clflush size	: 64
cache_alignment	: 64
address sizes	: 39 bits physical, 48 bits virtual
power management:

processor	: 1
vendor_id	: GenuineIntel
cpu family	: 6
model		: 60
model name	: Intel(R) Celeron(R) CPU G1840 @ 2.80GHz
stepping	: 3
microcode	: 0x22
cpu MHz		: 2800.000
cache size	: 2048 KB
physical id	: 0
siblings	: 2
core id		: 1
cpu cores	: 2
apicid		: 2
initial apicid	: 2
fpu		: yes
fpu_exception	: yes
cpuid level	: 13
wp		: yes
flags		: fpu vme de pse tsc msr pae mce cx8 apic sep mtrr pge mca cmov pat pse36 clflush dts acpi mmx fxsr sse sse2 ss ht tm pbe syscall nx pdpe1gb rdtscp lm constant_tsc arch_perfmon pebs bts rep_good nopl xtopology nonstop_tsc aperfmperf eagerfpu pni pclmulqdq dtes64 monitor ds_cpl vmx est tm2 ssse3 sdbg cx16 xtpr pdcm pcid sse4_1 sse4_2 movbe popcnt tsc_deadline_timer xsave rdrand lahf_lm abm epb tpr_shadow vnmi flexpriority ept vpid fsgsbase tsc_adjust erms invpcid xsaveopt dtherm arat pln pts
bogomips	: 5587.02
clflush size	: 64
cache_alignment	: 64
address sizes	: 39 bits physical, 48 bits virtual
power management:



Memory: 4k page, physical 3578076k(103800k free), swap 0k(0k free)

vm_info: Java HotSpot(TM) 64-Bit Server VM (25.181-b13) for linux-amd64 JRE (1.8.0_181-b13), built on Jul  7 2018 00:56:38 by "java_re" with gcc 4.3.0 20080428 (Red Hat 4.3.0-8)

time: Thu Sep 27 17:17:01 2018
elapsed time: 156 seconds (0d 0h 2m 36s)

